[Licensing::Module] Trying to connect to existing licensing client channel...
Built from '6000.3/staging' branch; Version is '6000.3.3f1 (ef04196de0d6) revision 15664153'; Using compiler version '194234433'; Build Type 'Release'
OS: 'Windows 11  (10.0.26200) 64bit Core' Language: 'en' Physical Memory: 15636 MB
[Licensing::IpcConnector] Successfully connected to: "LicenseClient-thego" at "2026-04-13T18:23:36.6859336Z"
BatchMode: 1, IsHumanControllingUs: 0, StartBugReporterOnCrash: 0, Is64bit: 1
Date: 2026-04-13T18:23:36Z

COMMAND LINE ARGUMENTS:
C:\Program Files\Unity\Hub\Editor\6000.3.3f1\Editor\Unity.exe
-adb2
-batchMode
-noUpm
-name
AssetImportWorker4
-projectPath
C:/Users/thego/Desktop/Unity2026/UTL_VR_U3
-logFile
Logs/AssetImportWorker4.log
-srvPort
61587
-licensingIpc
LicenseClient-thego
-job-worker-count
5
-background-job-worker-count
8
-gc-helper-count
1
-name
AssetImport
Successfully changed project path to: C:/Users/thego/Desktop/Unity2026/UTL_VR_U3
C:/Users/thego/Desktop/Unity2026/UTL_VR_U3
[UnityMemory] Configuration Parameters - Can be set up in boot.config
    "memorysetup-temp-allocator-size-nav-mesh-worker=65536"
    "memorysetup-temp-allocator-size-audio-worker=65536"
    "memorysetup-temp-allocator-size-gfx=262144"
    "memorysetup-allocator-temp-initial-block-size-main=262144"
    "memorysetup-allocator-temp-initial-block-size-worker=262144"
    "memorysetup-temp-allocator-size-background-worker=32768"
    "memorysetup-temp-allocator-size-job-worker=262144"
    "memorysetup-temp-allocator-size-preload-manager=33554432"
    "memorysetup-temp-allocator-size-gi-baking-worker=262144"
    "memorysetup-temp-allocator-size-gi-baking-worker=262144"
    "memorysetup-temp-allocator-size-gi-baking-worker=262144"
    "memorysetup-temp-allocator-size-gi-baking-worker=262144"
    "memorysetup-temp-allocator-size-gi-baking-worker=262144"
    "memorysetup-bucket-allocator-granularity=16"
    "memorysetup-bucket-allocator-bucket-count=8"
    "memorysetup-bucket-allocator-block-size=33554432"
    "memorysetup-bucket-allocator-block-count=8"
    "memorysetup-main-allocator-block-size=16777216"
    "memorysetup-thread-allocator-block-size=16777216"
    "memorysetup-gfx-main-allocator-block-size=16777216"
    "memorysetup-gfx-thread-allocator-block-size=16777216"
    "memorysetup-cache-allocator-block-size=4194304"
    "memorysetup-typetree-allocator-block-size=2097152"
    "memorysetup-profiler-bucket-allocator-granularity=16"
    "memorysetup-profiler-bucket-allocator-bucket-count=8"
    "memorysetup-profiler-bucket-allocator-block-size=33554432"
    "memorysetup-profiler-bucket-allocator-block-count=8"
    "memorysetup-profiler-allocator-block-size=16777216"
    "memorysetup-profiler-editor-allocator-block-size=1048576"
    "memorysetup-temp-allocator-size-main=16777216"
    "memorysetup-job-temp-allocator-block-size=2097152"
    "memorysetup-job-temp-allocator-block-size-background=1048576"
    "memorysetup-job-temp-allocator-reduction-small-platforms=262144"
    "memorysetup-temp-allocator-size-cloud-worker=32768"
Player connection [7220]  Target information:

Player connection [7220]  * "[IP] 10.16.6.104 [Port] 0 [Flags] 2 [Guid] 2533988989 [EditorId] 2533988989 [Version] 1048832 [Id] WindowsEditor(7,GodSlayer) [Debug] 1 [PackageName] WindowsEditor [ProjectName] Editor" 

Player connection [7220] Host joined multi-casting on [225.0.0.222:54997]...
Player connection [7220] Host joined alternative multi-casting on [225.0.0.222:34997]...
JobSystem: Creating JobQueue using job-worker-count value 5
Input System module state changed to: Initialized.
[Physics::Module] Initialized fallback backend.
[Physics::Module] Id: 0xdecafbad
Library Redirect Path: Library/
[Physics::Module] Selected backend.
[Physics::Module] Name: PhysX
[Physics::Module] Id: 0xf2b8ea05
[Physics::Module] SDK Version: 4.1.2
[Physics::Module] Integration Version: 1.0.0
[Physics::Module] Threading Mode: Multi-Threaded
Refreshing native plugins compatible for Editor in 12.10 ms, found 6 plugins.
Preloading 1 native plugins for Editor in 1.92 ms.
Initialize engine version: 6000.3.3f1 (ef04196de0d6)
[Subsystems] Discovering subsystems at path C:/Program Files/Unity/Hub/Editor/6000.3.3f1/Editor/Data/Resources/UnitySubsystems
[Subsystems] Discovering subsystems at path C:/Users/thego/Desktop/Unity2026/UTL_VR_U3/Assets
GfxDevice: creating device client; kGfxThreadingModeNonThreaded
Direct3D:
    Version:  Direct3D 11.0 [level 11.1]
    Renderer: NVIDIA GeForce RTX 4050 Laptop GPU (ID=0x28e1)
    Vendor:   NVIDIA
    VRAM:     5920 MB
    Driver:   32.0.15.9579
Initialize mono
Mono path[0] = 'C:/Program Files/Unity/Hub/Editor/6000.3.3f1/Editor/Data/Managed'
Mono path[1] = 'C:/Program Files/Unity/Hub/Editor/6000.3.3f1/Editor/Data/MonoBleedingEdge/lib/mono/unityjit-win32'
Mono config path = 'C:/Program Files/Unity/Hub/Editor/6000.3.3f1/Editor/Data/MonoBleedingEdge/etc'
Using monoOptions --debugger-agent=transport=dt_socket,embedding=1,server=y,suspend=n,address=127.0.0.1:56828
Begin MonoManager ReloadAssembly
Registering precompiled unity dll's ...
Register platform support module: C:/Program Files/Unity/Hub/Editor/6000.3.3f1/Editor/Data/PlaybackEngines/WebGLSupport/UnityEditor.WebGL.Extensions.dll
Register platform support module: C:/Program Files/Unity/Hub/Editor/6000.3.3f1/Editor/Data/PlaybackEngines/WindowsStandaloneSupport/UnityEditor.WindowsStandalone.Extensions.dll
[Licensing::Module] Licensing is not yet initialized.
[Licensing::Client] Handshaking with LicensingClient:
  Version:                 1.17.4+4293ba1
  Session Id:              3fb8fa3138ed4e6d8f4fea1f0d246bda
  Correlation Id:          fff21e541defb49460173f53307c6550
  External correlation Id: 6792533532246146089
  Machine Id:              K68N8m8BZuN+TKx9uYFY8JQz40Y=
[Licensing::Module] Successfully connected to LicensingClient on channel: "LicenseClient-thego" (connect: 0.00s, validation: 0.00s, handshake: 2.10s)
[Licensing::IpcConnector] Successfully connected to: "LicenseClient-thego-notifications" at "2026-04-13T18:23:38.7891914Z"
[Licensing::Module] Licensing Background thread has ended after 2.10s
[Licensing::Module] Licensing is initialized (took 0.53s).
[Licensing::Client] Successfully resolved entitlement details
[Licensing::Module] License group:
  Id: 4674149428689-UnityPersXXXX
  Product: Unity Personal
  Type: Assigned
  Expiration: Unlimited
Register platform support module: C:/Program Files/Unity/Hub/Editor/6000.3.3f1/Editor/Data/PlaybackEngines/AndroidPlayer/UnityEditor.Android.Extensions.dll
Registered in 0.543859 seconds.
- Loaded All Assemblies, in  1.411 seconds
Native extension for Android target not found
Android Extension - Scanning For ADB Devices 474 ms
Native extension for WindowsStandalone target not found
Native extension for WebGL target not found
Mono: successfully reloaded assembly
- Finished resetting the current domain, in  1.342 seconds
Domain Reload Profiling: 2749ms
	BeginReloadAssembly (257ms)
		ExecutionOrderSort (0ms)
		DisableScriptedObjects (0ms)
		BackupInstance (0ms)
		ReleaseScriptingObjects (0ms)
		CreateAndSetChildDomain (1ms)
	RebuildCommonClasses (96ms)
	RebuildNativeTypeToScriptingClass (36ms)
	initialDomainReloadingComplete (641ms)
	LoadAllAssembliesAndSetupDomain (377ms)
		LoadAssemblies (251ms)
		RebuildTransferFunctionScriptingTraits (0ms)
		AnalyzeDomain (370ms)
			TypeCache.Refresh (367ms)
				TypeCache.ScanAssembly (345ms)
			BuildScriptInfoCaches (0ms)
			ResolveRequiredComponents (1ms)
	FinalizeReload (1342ms)
		ReleaseScriptCaches (0ms)
		RebuildScriptCaches (0ms)
		SetupLoadedEditorAssemblies (1242ms)
			LogAssemblyErrors (0ms)
			InitializePlatformSupportModulesInManaged (702ms)
			SetLoadedEditorAssemblies (8ms)
			BeforeProcessingInitializeOnLoad (143ms)
			ProcessInitializeOnLoadAttributes (257ms)
			ProcessInitializeOnLoadMethodAttributes (132ms)
			AfterProcessingInitializeOnLoad (0ms)
			EditorAssembliesLoaded (0ms)
		ExecutionOrderSort2 (0ms)
		AwakeInstancesAfterBackupRestoration (0ms)
========================================================================
Worker process is ready to serve import requests
Import Worker Mode flag is 0x00
Begin MonoManager ReloadAssembly
[Licensing::Client] Successfully resolved entitlement details
- Loaded All Assemblies, in  1.397 seconds
Refreshing native plugins compatible for Editor in 7.29 ms, found 6 plugins.
Native extension for Android target not found
Native extension for WindowsStandalone target not found
Native extension for WebGL target not found
Package Manager log level set to [2]
[Package Manager] Failed to launch server process. Reason: Unity was launched with the -noUpm command-line argument
[Package Manager] Unable to send message (not connected to server process).
[Package Manager] Cannot connect to Unity Package Manager local server
System.Reflection.TargetInvocationException: Exception has been thrown by the target of an invocation. ---> System.NullReferenceException: Object reference not set to an instance of an object
  at Unity.XR.Oculus.OculusLoader.AssetPathToAbsolutePath (System.String assetPath) [0x0003d] in .\Library\PackageCache\com.unity.xr.oculus@68ef97a4d91e\Runtime\OculusLoader.cs:312 
  at Unity.XR.Oculus.OculusLoader.EditorLoadOVRPlugin () [0x0008c] in .\Library\PackageCache\com.unity.xr.oculus@68ef97a4d91e\Runtime\OculusLoader.cs:297 
  at (wrapper managed-to-native) System.Reflection.RuntimeMethodInfo.InternalInvoke(System.Reflection.RuntimeMethodInfo,object,object[],System.Exception&)
  at System.Reflection.RuntimeMethodInfo.Invoke (System.Object obj, System.Reflection.BindingFlags invokeAttr, System.Reflection.Binder binder, System.Object[] parameters, System.Globalization.CultureInfo culture) [0x0006a] in <1eb9db207454431c84a47bcd81e79c37>:0 
   --- End of inner exception stack trace ---
  at System.Reflection.RuntimeMethodInfo.Invoke (System.Object obj, System.Reflection.BindingFlags invokeAttr, System.Reflection.Binder binder, System.Object[] parameters, System.Globalization.CultureInfo culture) [0x00083] in <1eb9db207454431c84a47bcd81e79c37>:0 
  at System.Reflection.MethodBase.Invoke (System.Object obj, System.Object[] parameters) [0x00000] in <1eb9db207454431c84a47bcd81e79c37>:0 
  at UnityEditor.EditorAssemblies.ProcessInitializeOnLoadMethodAttributes () [0x00087] in <6af83ae2d15b4450b49e1958cf1785d8>:0 
UnityEngine.Debug:ExtractStackTraceNoAlloc (byte*,int,string)
UnityEngine.StackTraceUtility:ExtractStackTrace ()
UnityEngine.DebugLogHandler:Internal_Log (UnityEngine.LogType,UnityEngine.LogOption,string,UnityEngine.Object)
UnityEngine.DebugLogHandler:LogFormat (UnityEngine.LogType,UnityEngine.Object,string,object[])
UnityEngine.Logger:Log (UnityEngine.LogType,object)
UnityEngine.Debug:LogError (object)
UnityEditor.EditorAssemblies:ProcessInitializeOnLoadMethodAttributes ()

Mono: successfully reloaded assembly
[Package Manager] Failed to launch server process. Reason: Unity was launched with the -noUpm command-line argument
[Package Manager] Unable to send message (not connected to server process).
[Package Manager] Cannot connect to Unity Package Manager local server
[Package Manager] Failed to launch server process. Reason: Unity was launched with the -noUpm command-line argument
[Package Manager] Unable to send message (not connected to server process).
[Package Manager] Cannot connect to Unity Package Manager local server
- Finished resetting the current domain, in  2.478 seconds
Domain Reload Profiling: 3866ms
	BeginReloadAssembly (355ms)
		ExecutionOrderSort (0ms)
		DisableScriptedObjects (9ms)
		BackupInstance (0ms)
		ReleaseScriptingObjects (0ms)
		CreateAndSetChildDomain (70ms)
	RebuildCommonClasses (65ms)
	RebuildNativeTypeToScriptingClass (27ms)
	initialDomainReloadingComplete (79ms)
	LoadAllAssembliesAndSetupDomain (861ms)
		LoadAssemblies (610ms)
		RebuildTransferFunctionScriptingTraits (0ms)
		AnalyzeDomain (451ms)
			TypeCache.Refresh (349ms)
				TypeCache.ScanAssembly (319ms)
			BuildScriptInfoCaches (78ms)
			ResolveRequiredComponents (19ms)
	FinalizeReload (2479ms)
		ReleaseScriptCaches (0ms)
		RebuildScriptCaches (0ms)
		SetupLoadedEditorAssemblies (2082ms)
			LogAssemblyErrors (0ms)
			InitializePlatformSupportModulesInManaged (17ms)
			SetLoadedEditorAssemblies (8ms)
			BeforeProcessingInitializeOnLoad (288ms)
			ProcessInitializeOnLoadAttributes (1548ms)
			ProcessInitializeOnLoadMethodAttributes (214ms)
			AfterProcessingInitializeOnLoad (7ms)
			EditorAssembliesLoaded (0ms)
		ExecutionOrderSort2 (0ms)
		AwakeInstancesAfterBackupRestoration (8ms)
Launched and connected shader compiler UnityShaderCompiler.exe after 0.04 seconds
Refreshing native plugins compatible for Editor in 6.25 ms, found 6 plugins.
Preloading 1 native plugins for Editor in 0.16 ms.
Unloading 16 Unused Serialized files (Serialized files now loaded: 0)
Unloading 7210 unused Assets / (4.6 MB). Loaded Objects now: 8049.
Memory consumption went from 157.5 MB to 153.0 MB.
Total: 40.259500 ms (FindLiveObjects: 1.577400 ms CreateObjectMapping: 1.364700 ms MarkObjects: 32.249400 ms  DeleteObjects: 5.065600 ms)

========================================================================
Received Import Request.
  Time since last request: 8854.131317 seconds.
  path: Assets/FantasyEnvironments/Environments/Scenes/DemoScene
  artifactKey: Guid(21fcc9b8247ff1545bb5377442b8afc1) Importer(2089858483,b0f066a214c2f5e87bad3c948f4d605d)
Start importing Assets/FantasyEnvironments/Environments/Scenes/DemoScene using Guid(21fcc9b8247ff1545bb5377442b8afc1) Importer(2089858483,b0f066a214c2f5e87bad3c948f4d605d) (ScriptedImporter) -> (artifact id: 'fb7a0622c8161ab16d5f3c5843452d01') in 0.0964099 seconds
Number of updated asset objects reloaded before import = 0Number of asset objects unloaded after import = 1

========================================================================
Received Import Request.
  Time since last request: 0.328806 seconds.
  path: Assets/FantasyEnvironments/Environments/Town/Prefabs/storage_barrel.prefab
  artifactKey: Guid(3c3b0773e182ad847a706394ac5af117) Importer(2089858483,b0f066a214c2f5e87bad3c948f4d605d)
Start importing Assets/FantasyEnvironments/Environments/Town/Prefabs/storage_barrel.prefab using Guid(3c3b0773e182ad847a706394ac5af117) Importer(2089858483,b0f066a214c2f5e87bad3c948f4d605d) (ScriptedImporter) -> (artifact id: '18bbf32681f540c5910a433c78fd2e78') in 0.1927837 seconds
Number of updated asset objects reloaded before import = 0Number of asset objects unloaded after import = 10

========================================================================
Received Import Request.
  Time since last request: 0.000052 seconds.
  path: Assets/FantasyEnvironments/Environments/Town/Prefabs/Food_bottle2.prefab
  artifactKey: Guid(b75b3cb7eaba7754b829ddd2b23b2f78) Importer(2089858483,b0f066a214c2f5e87bad3c948f4d605d)
Start importing Assets/FantasyEnvironments/Environments/Town/Prefabs/Food_bottle2.prefab using Guid(b75b3cb7eaba7754b829ddd2b23b2f78) Importer(2089858483,b0f066a214c2f5e87bad3c948f4d605d) (ScriptedImporter) -> (artifact id: 'ccd9fb06b2caca08b8df264a1b454312') in 0.0285765 seconds
Number of updated asset objects reloaded before import = 0Number of asset objects unloaded after import = 8

========================================================================
Received Import Request.
  Time since last request: 0.000044 seconds.
  path: Assets/FantasyEnvironments/Environments/Prefabs/Rock2.prefab
  artifactKey: Guid(86263e8355f96ba4ab9fdf4e96c2090f) Importer(2089858483,b0f066a214c2f5e87bad3c948f4d605d)
Start importing Assets/FantasyEnvironments/Environments/Prefabs/Rock2.prefab using Guid(86263e8355f96ba4ab9fdf4e96c2090f) Importer(2089858483,b0f066a214c2f5e87bad3c948f4d605d) (ScriptedImporter) -> (artifact id: 'ef73aa5fe915dcc201f0906f3bfcfd67') in 0.0314725 seconds
Number of updated asset objects reloaded before import = 0Number of asset objects unloaded after import = 9

========================================================================
Received Import Request.
  Time since last request: 0.000027 seconds.
  path: Assets/FantasyEnvironments/Environments/Town/Materials/Food.mat
  artifactKey: Guid(edc02d7bfefce4f4aa6ce43033820cb4) Importer(2089858483,b0f066a214c2f5e87bad3c948f4d605d)
Start importing Assets/FantasyEnvironments/Environments/Town/Materials/Food.mat using Guid(edc02d7bfefce4f4aa6ce43033820cb4) Importer(2089858483,b0f066a214c2f5e87bad3c948f4d605d) (ScriptedImporter) -> (artifact id: '1194cc5ec1f1b498c99ee25426e41be8') in 0.0693109 seconds
Number of updated asset objects reloaded before import = 0Number of asset objects unloaded after import = 2

========================================================================
Received Import Request.
  Time since last request: 0.000032 seconds.
  path: Assets/FantasyEnvironments/Environments/Ambient-Occlusion-Trees/Prefabs/Willow_tree1.prefab
  artifactKey: Guid(76ca9846e495a3a42a47f16f51d18fb0) Importer(2089858483,b0f066a214c2f5e87bad3c948f4d605d)
Start importing Assets/FantasyEnvironments/Environments/Ambient-Occlusion-Trees/Prefabs/Willow_tree1.prefab using Guid(76ca9846e495a3a42a47f16f51d18fb0) Importer(2089858483,b0f066a214c2f5e87bad3c948f4d605d) (ScriptedImporter) -> (artifact id: '0356e864bba7a8962c1a65ea22b4ed11') in 0.024212 seconds
Number of updated asset objects reloaded before import = 0Number of asset objects unloaded after import = 10

========================================================================
Received Import Request.
  Time since last request: 0.000041 seconds.
  path: Assets/FantasyEnvironments/Environments/Scenes/ScenePrefabs
  artifactKey: Guid(bf054556e1b918e488150b0e82b4c124) Importer(2089858483,b0f066a214c2f5e87bad3c948f4d605d)
Start importing Assets/FantasyEnvironments/Environments/Scenes/ScenePrefabs using Guid(bf054556e1b918e488150b0e82b4c124) Importer(2089858483,b0f066a214c2f5e87bad3c948f4d605d) (ScriptedImporter) -> (artifact id: 'ab0d40c1a5af53ebdbb566c405727b69') in 0.0176962 seconds
Number of updated asset objects reloaded before import = 0Number of asset objects unloaded after import = 1

========================================================================
Received Import Request.
  Time since last request: 0.000022 seconds.
  path: Assets/FantasyEnvironments/Environments/Materials
  artifactKey: Guid(9ee4b6a4cc4a83944b31251a7c133061) Importer(2089858483,b0f066a214c2f5e87bad3c948f4d605d)
Start importing Assets/FantasyEnvironments/Environments/Materials using Guid(9ee4b6a4cc4a83944b31251a7c133061) Importer(2089858483,b0f066a214c2f5e87bad3c948f4d605d) (ScriptedImporter) -> (artifact id: '2252ede4f6140ed58032efc228b3fcd6') in 0.0161029 seconds
Number of updated asset objects reloaded before import = 0Number of asset objects unloaded after import = 1

========================================================================
Received Import Request.
  Time since last request: 0.000022 seconds.
  path: Assets/FantasyEnvironments/Environments/Town/Prefabs/cart4.prefab
  artifactKey: Guid(0edbfd697bd8266428ec1d0eddf36e5f) Importer(2089858483,b0f066a214c2f5e87bad3c948f4d605d)
Start importing Assets/FantasyEnvironments/Environments/Town/Prefabs/cart4.prefab using Guid(0edbfd697bd8266428ec1d0eddf36e5f) Importer(2089858483,b0f066a214c2f5e87bad3c948f4d605d) (ScriptedImporter) -> (artifact id: '85f6b7e268b5e9aae832134c6af808d0') in 0.0236381 seconds
Number of updated asset objects reloaded before import = 0Number of asset objects unloaded after import = 21

========================================================================
Received Import Request.
  Time since last request: 0.000030 seconds.
  path: Assets/FantasyEnvironments/Environments/Town/Prefabs/Furniture_chair1.prefab
  artifactKey: Guid(e3a77e5f5c5dbe248a84e83cf53aa7f1) Importer(2089858483,b0f066a214c2f5e87bad3c948f4d605d)
Start importing Assets/FantasyEnvironments/Environments/Town/Prefabs/Furniture_chair1.prefab using Guid(e3a77e5f5c5dbe248a84e83cf53aa7f1) Importer(2089858483,b0f066a214c2f5e87bad3c948f4d605d) (ScriptedImporter) -> (artifact id: 'f1dc9cd60754a8b91b68bfaaad5c8843') in 0.0253247 seconds
Number of updated asset objects reloaded before import = 0Number of asset objects unloaded after import = 9

========================================================================
Received Import Request.
  Time since last request: 0.000045 seconds.
  path: Assets/FantasyEnvironments/Environments/Town/Prefabs/Food_bottle5.prefab
  artifactKey: Guid(1bbaa2b4e9f38f247a679a48e7119852) Importer(2089858483,b0f066a214c2f5e87bad3c948f4d605d)
Start importing Assets/FantasyEnvironments/Environments/Town/Prefabs/Food_bottle5.prefab using Guid(1bbaa2b4e9f38f247a679a48e7119852) Importer(2089858483,b0f066a214c2f5e87bad3c948f4d605d) (ScriptedImporter) -> (artifact id: 'c23ee2c348382f8a1ee572697a1adf74') in 0.0250722 seconds
Number of updated asset objects reloaded before import = 0Number of asset objects unloaded after import = 8

========================================================================
Received Import Request.
  Time since last request: 0.000078 seconds.
  path: Assets/FantasyEnvironments/Environments/Town
  artifactKey: Guid(db2b4259d7e30e94b854890bb3e46f68) Importer(2089858483,b0f066a214c2f5e87bad3c948f4d605d)
Start importing Assets/FantasyEnvironments/Environments/Town using Guid(db2b4259d7e30e94b854890bb3e46f68) Importer(2089858483,b0f066a214c2f5e87bad3c948f4d605d) (ScriptedImporter) -> (artifact id: '6df4d760a3d512ac0d2e42364865e79c') in 0.0139543 seconds
Number of updated asset objects reloaded before import = 0Number of asset objects unloaded after import = 1

========================================================================
Received Import Request.
  Time since last request: 0.000020 seconds.
  path: Assets/FantasyEnvironments/Environments/Prefabs/Mushroom3.prefab
  artifactKey: Guid(1ceaf06647257394f8d75a1759c6be00) Importer(2089858483,b0f066a214c2f5e87bad3c948f4d605d)
Start importing Assets/FantasyEnvironments/Environments/Prefabs/Mushroom3.prefab using Guid(1ceaf06647257394f8d75a1759c6be00) Importer(2089858483,b0f066a214c2f5e87bad3c948f4d605d) (ScriptedImporter) -> (artifact id: '804944b4ae25519f7e6e44bc51786830') in 0.0232798 seconds
Number of updated asset objects reloaded before import = 0Number of asset objects unloaded after import = 14

========================================================================
Received Import Request.
  Time since last request: 0.000030 seconds.
  path: Assets/FantasyEnvironments/Environments/Town/Prefabs/Tavern.prefab
  artifactKey: Guid(cb181bc6c302bca40929333077286a04) Importer(2089858483,b0f066a214c2f5e87bad3c948f4d605d)
Start importing Assets/FantasyEnvironments/Environments/Town/Prefabs/Tavern.prefab using Guid(cb181bc6c302bca40929333077286a04) Importer(2089858483,b0f066a214c2f5e87bad3c948f4d605d) (ScriptedImporter) -> (artifact id: '826d126cd21e971d3f635bdfcb8f52a8') in 0.0697921 seconds
Number of updated asset objects reloaded before import = 0Number of asset objects unloaded after import = 566

========================================================================
Received Import Request.
  Time since last request: 0.000045 seconds.
  path: Assets/FantasyEnvironments/Environments/Ambient-Occlusion-Trees/Prefabs/Birch_tree1.prefab
  artifactKey: Guid(47356d574ebc3a545bfaef26eb02a2ea) Importer(2089858483,b0f066a214c2f5e87bad3c948f4d605d)
Start importing Assets/FantasyEnvironments/Environments/Ambient-Occlusion-Trees/Prefabs/Birch_tree1.prefab using Guid(47356d574ebc3a545bfaef26eb02a2ea) Importer(2089858483,b0f066a214c2f5e87bad3c948f4d605d) (ScriptedImporter) -> (artifact id: '1584eb68b952c6c3dc2be7627a95f419') in 0.0210978 seconds
Number of updated asset objects reloaded before import = 0Number of asset objects unloaded after import = 10

========================================================================
Received Import Request.
  Time since last request: 0.000023 seconds.
  path: Assets/FantasyEnvironments/Environments/Town/Prefabs/Furniture_candlestick3.prefab
  artifactKey: Guid(e0106421787f3c94084963411fa27415) Importer(2089858483,b0f066a214c2f5e87bad3c948f4d605d)
Start importing Assets/FantasyEnvironments/Environments/Town/Prefabs/Furniture_candlestick3.prefab using Guid(e0106421787f3c94084963411fa27415) Importer(2089858483,b0f066a214c2f5e87bad3c948f4d605d) (ScriptedImporter) -> (artifact id: 'b4acbff11e01aefe3de059e2d0198c24') in 0.0236063 seconds
Number of updated asset objects reloaded before import = 0Number of asset objects unloaded after import = 22

========================================================================
Received Import Request.
  Time since last request: 0.000029 seconds.
  path: Assets/FantasyEnvironments/Environments/Town/Animations/DoorOpen.anim
  artifactKey: Guid(93bfbd3ee29b5584ea6252914f98cc8a) Importer(2089858483,b0f066a214c2f5e87bad3c948f4d605d)
Start importing Assets/FantasyEnvironments/Environments/Town/Animations/DoorOpen.anim using Guid(93bfbd3ee29b5584ea6252914f98cc8a) Importer(2089858483,b0f066a214c2f5e87bad3c948f4d605d) (ScriptedImporter) -> (artifact id: '032d1f5333e2f18d6005b191b3ed9986') in 0.0564813 seconds
Number of updated asset objects reloaded before import = 0Number of asset objects unloaded after import = 1

========================================================================
Received Import Request.
  Time since last request: 0.000026 seconds.
  path: Assets/FantasyEnvironments/Environments/Town/Prefabs/Furniture_cupboard2.prefab
  artifactKey: Guid(f5da0f5d225da7645be765ddffbcb0c6) Importer(2089858483,b0f066a214c2f5e87bad3c948f4d605d)
Start importing Assets/FantasyEnvironments/Environments/Town/Prefabs/Furniture_cupboard2.prefab using Guid(f5da0f5d225da7645be765ddffbcb0c6) Importer(2089858483,b0f066a214c2f5e87bad3c948f4d605d) (ScriptedImporter) -> (artifact id: '2a8ab701b2d63b6ade6e323f7202b11c') in 0.0242002 seconds
Number of updated asset objects reloaded before import = 0Number of asset objects unloaded after import = 9

========================================================================
Received Import Request.
  Time since last request: 0.000044 seconds.
  path: Assets/FantasyEnvironments/Environments/TerrainData_111a3316-3fda-4883-ac7d-d9d833a9ed22.asset
  artifactKey: Guid(60bf8527850e2214c91c73b6b0317036) Importer(2089858483,b0f066a214c2f5e87bad3c948f4d605d)
Start importing Assets/FantasyEnvironments/Environments/TerrainData_111a3316-3fda-4883-ac7d-d9d833a9ed22.asset using Guid(60bf8527850e2214c91c73b6b0317036) Importer(2089858483,b0f066a214c2f5e87bad3c948f4d605d) (ScriptedImporter) -> (artifact id: '354e810508531bd6130f8c47d1bdf702') in 0.0358788 seconds
Number of updated asset objects reloaded before import = 0Number of asset objects unloaded after import = 2

========================================================================
Received Import Request.
  Time since last request: 0.000025 seconds.
  path: Assets/FantasyEnvironments/Environments/Prefabs/Fern3.prefab
  artifactKey: Guid(30a878c1d1da97d42a456d77f72cca61) Importer(2089858483,b0f066a214c2f5e87bad3c948f4d605d)
Start importing Assets/FantasyEnvironments/Environments/Prefabs/Fern3.prefab using Guid(30a878c1d1da97d42a456d77f72cca61) Importer(2089858483,b0f066a214c2f5e87bad3c948f4d605d) (ScriptedImporter) -> (artifact id: 'd4e4508dd664838c7aac1d0d4672b542') in 0.0227375 seconds
Number of updated asset objects reloaded before import = 0Number of asset objects unloaded after import = 14

========================================================================
Received Import Request.
  Time since last request: 0.000029 seconds.
  path: Assets/FantasyEnvironments/Environments/Ambient-Occlusion-Trees/Materials/Birch_leaves.mat
  artifactKey: Guid(6b7cbd10b1b54624aad174204ed5e57d) Importer(2089858483,b0f066a214c2f5e87bad3c948f4d605d)
Start importing Assets/FantasyEnvironments/Environments/Ambient-Occlusion-Trees/Materials/Birch_leaves.mat using Guid(6b7cbd10b1b54624aad174204ed5e57d) Importer(2089858483,b0f066a214c2f5e87bad3c948f4d605d) (ScriptedImporter) -> (artifact id: '978cb624868e5288f514ef8d19427de5') in 0.0207484 seconds
Number of updated asset objects reloaded before import = 0Number of asset objects unloaded after import = 2

========================================================================
Received Import Request.
  Time since last request: 0.000038 seconds.
  path: Assets/FantasyEnvironments/Environments/Prefabs/Plant4.prefab
  artifactKey: Guid(5bc68b98108d78a418afb40cc75e2a81) Importer(2089858483,b0f066a214c2f5e87bad3c948f4d605d)
Start importing Assets/FantasyEnvironments/Environments/Prefabs/Plant4.prefab using Guid(5bc68b98108d78a418afb40cc75e2a81) Importer(2089858483,b0f066a214c2f5e87bad3c948f4d605d) (ScriptedImporter) -> (artifact id: 'a06f69e89d3ba94c267c3667a8fe054c') in 0.0218629 seconds
Number of updated asset objects reloaded before import = 0Number of asset objects unloaded after import = 14

========================================================================
Received Import Request.
  Time since last request: 0.000048 seconds.
  path: Assets/FantasyEnvironments/Environments/Town/Prefabs/cart3.prefab
  artifactKey: Guid(70b6d0c9364cc7a498b08b095cf258ba) Importer(2089858483,b0f066a214c2f5e87bad3c948f4d605d)
Start importing Assets/FantasyEnvironments/Environments/Town/Prefabs/cart3.prefab using Guid(70b6d0c9364cc7a498b08b095cf258ba) Importer(2089858483,b0f066a214c2f5e87bad3c948f4d605d) (ScriptedImporter) -> (artifact id: '1e9a3946356676b42a57913dbe148f40') in 0.0195338 seconds
Number of updated asset objects reloaded before import = 0Number of asset objects unloaded after import = 21

========================================================================
Received Import Request.
  Time since last request: 0.000035 seconds.
  path: Assets/FantasyEnvironments/Environments/Ambient-Occlusion-Trees/Materials/Willow_leaves.mat
  artifactKey: Guid(97b0db431770d9e459321d4a036c72d9) Importer(2089858483,b0f066a214c2f5e87bad3c948f4d605d)
Start importing Assets/FantasyEnvironments/Environments/Ambient-Occlusion-Trees/Materials/Willow_leaves.mat using Guid(97b0db431770d9e459321d4a036c72d9) Importer(2089858483,b0f066a214c2f5e87bad3c948f4d605d) (ScriptedImporter) -> (artifact id: 'c0f73ade239226d2065d221ae21d1c24') in 0.0237472 seconds
Number of updated asset objects reloaded before import = 0Number of asset objects unloaded after import = 2

========================================================================
Received Import Request.
  Time since last request: 0.000024 seconds.
  path: Assets/FantasyEnvironments/Environments/Ambient-Occlusion-Trees/Materials/Tree_bark1.mat
  artifactKey: Guid(413a94560e540a34b8e573686225293f) Importer(2089858483,b0f066a214c2f5e87bad3c948f4d605d)
Start importing Assets/FantasyEnvironments/Environments/Ambient-Occlusion-Trees/Materials/Tree_bark1.mat using Guid(413a94560e540a34b8e573686225293f) Importer(2089858483,b0f066a214c2f5e87bad3c948f4d605d) (ScriptedImporter) -> (artifact id: '78908eccccc732db1a313f6c56ef6b5b') in 0.0232672 seconds
Number of updated asset objects reloaded before import = 0Number of asset objects unloaded after import = 2

========================================================================
Received Import Request.
  Time since last request: 0.000033 seconds.
  path: Assets/FantasyEnvironments/Environments/Town/Prefabs/storage_bag_seeds.prefab
  artifactKey: Guid(e1ad20f44ad21f6448a11f707d185806) Importer(2089858483,b0f066a214c2f5e87bad3c948f4d605d)
Start importing Assets/FantasyEnvironments/Environments/Town/Prefabs/storage_bag_seeds.prefab using Guid(e1ad20f44ad21f6448a11f707d185806) Importer(2089858483,b0f066a214c2f5e87bad3c948f4d605d) (ScriptedImporter) -> (artifact id: 'cbf5171b472b0ac271a47d412efbdb9d') in 0.0213186 seconds
Number of updated asset objects reloaded before import = 0Number of asset objects unloaded after import = 9

========================================================================
Received Import Request.
  Time since last request: 0.000041 seconds.
  path: Assets/FantasyEnvironments/Environments/Town/Prefabs/Furniture_scrolls.prefab
  artifactKey: Guid(73cf5aad55823ba4bb9a9dcfc994360a) Importer(2089858483,b0f066a214c2f5e87bad3c948f4d605d)
Start importing Assets/FantasyEnvironments/Environments/Town/Prefabs/Furniture_scrolls.prefab using Guid(73cf5aad55823ba4bb9a9dcfc994360a) Importer(2089858483,b0f066a214c2f5e87bad3c948f4d605d) (ScriptedImporter) -> (artifact id: 'f0c3232c3387ef8c4fde2f829353a2df') in 0.0214468 seconds
Number of updated asset objects reloaded before import = 0Number of asset objects unloaded after import = 8

========================================================================
Received Import Request.
  Time since last request: 0.000041 seconds.
  path: Assets/FantasyEnvironments/Environments/TerrainLayers/layer_ground_rock.terrainlayer
  artifactKey: Guid(3e95f0de195aa9d47a801a3cec488555) Importer(2089858483,b0f066a214c2f5e87bad3c948f4d605d)
Start importing Assets/FantasyEnvironments/Environments/TerrainLayers/layer_ground_rock.terrainlayer using Guid(3e95f0de195aa9d47a801a3cec488555) Importer(2089858483,b0f066a214c2f5e87bad3c948f4d605d) (ScriptedImporter) -> (artifact id: '9915119fb4dd2e1ca3f2723524e39415') in 0.0222108 seconds
Number of updated asset objects reloaded before import = 0Number of asset objects unloaded after import = 2

========================================================================
Received Import Request.
  Time since last request: 0.000029 seconds.
  path: Assets/FantasyEnvironments/Environments/Ambient-Occlusion-Trees/Prefabs/Willow_tree2.prefab
  artifactKey: Guid(1499c673ad068e74e90b288302fa8b6b) Importer(2089858483,b0f066a214c2f5e87bad3c948f4d605d)
Start importing Assets/FantasyEnvironments/Environments/Ambient-Occlusion-Trees/Prefabs/Willow_tree2.prefab using Guid(1499c673ad068e74e90b288302fa8b6b) Importer(2089858483,b0f066a214c2f5e87bad3c948f4d605d) (ScriptedImporter) -> (artifact id: 'bca0e29dd95d8623b538353dc6e28ee6') in 0.0311709 seconds
Number of updated asset objects reloaded before import = 0Number of asset objects unloaded after import = 10

========================================================================
Received Import Request.
  Time since last request: 0.000069 seconds.
  path: Assets/FantasyEnvironments/Environments/Town/Prefabs/WoodenWall_Stairs.prefab
  artifactKey: Guid(92cc6d2406e4cc547a83ad74708c2d87) Importer(2089858483,b0f066a214c2f5e87bad3c948f4d605d)
Start importing Assets/FantasyEnvironments/Environments/Town/Prefabs/WoodenWall_Stairs.prefab using Guid(92cc6d2406e4cc547a83ad74708c2d87) Importer(2089858483,b0f066a214c2f5e87bad3c948f4d605d) (ScriptedImporter) -> (artifact id: 'f551fd8a7bcaa66f345db0f5fbf4674b') in 0.0298537 seconds
Number of updated asset objects reloaded before import = 0Number of asset objects unloaded after import = 10

========================================================================
Received Import Request.
  Time since last request: 0.000047 seconds.
  path: Assets/FantasyEnvironments/Environments/Town/Prefabs/Furniture_tablecloth.prefab
  artifactKey: Guid(dc5d119be17e64146add7deca74e5ea3) Importer(2089858483,b0f066a214c2f5e87bad3c948f4d605d)
Start importing Assets/FantasyEnvironments/Environments/Town/Prefabs/Furniture_tablecloth.prefab using Guid(dc5d119be17e64146add7deca74e5ea3) Importer(2089858483,b0f066a214c2f5e87bad3c948f4d605d) (ScriptedImporter) -> (artifact id: '830d9dc77b91886b57a97f538aebd8ba') in 0.0208451 seconds
Number of updated asset objects reloaded before import = 0Number of asset objects unloaded after import = 9

========================================================================
Received Import Request.
  Time since last request: 0.000033 seconds.
  path: Assets/FantasyEnvironments/Environments/Prefabs/Grass2.prefab
  artifactKey: Guid(8e20bb73d6781f047a846b8e13553d15) Importer(2089858483,b0f066a214c2f5e87bad3c948f4d605d)
Start importing Assets/FantasyEnvironments/Environments/Prefabs/Grass2.prefab using Guid(8e20bb73d6781f047a846b8e13553d15) Importer(2089858483,b0f066a214c2f5e87bad3c948f4d605d) (ScriptedImporter) -> (artifact id: '7d6ddc15bf67fbc2484651bb0e32c9d5') in 0.0214889 seconds
Number of updated asset objects reloaded before import = 0Number of asset objects unloaded after import = 14

========================================================================
Received Import Request.
  Time since last request: 0.000082 seconds.
  path: Assets/FantasyEnvironments/Environments/Town/Prefabs/storage_barrel_drink.prefab
  artifactKey: Guid(9a96d7bdbb239cd479e5492b9ceb2c62) Importer(2089858483,b0f066a214c2f5e87bad3c948f4d605d)
Start importing Assets/FantasyEnvironments/Environments/Town/Prefabs/storage_barrel_drink.prefab using Guid(9a96d7bdbb239cd479e5492b9ceb2c62) Importer(2089858483,b0f066a214c2f5e87bad3c948f4d605d) (ScriptedImporter) -> (artifact id: '49949f52a245ad7897430d193b4777a4') in 0.0203612 seconds
Number of updated asset objects reloaded before import = 0Number of asset objects unloaded after import = 10

========================================================================
Received Import Request.
  Time since last request: 0.000024 seconds.
  path: Assets/FantasyEnvironments/Environments/Town/Prefabs/Furniture_scroll.prefab
  artifactKey: Guid(77869ebfddd0f8047b4860ea9e5f241e) Importer(2089858483,b0f066a214c2f5e87bad3c948f4d605d)
Start importing Assets/FantasyEnvironments/Environments/Town/Prefabs/Furniture_scroll.prefab using Guid(77869ebfddd0f8047b4860ea9e5f241e) Importer(2089858483,b0f066a214c2f5e87bad3c948f4d605d) (ScriptedImporter) -> (artifact id: '03b6ae71f4f9b5f35050ce9697ddb7ae') in 0.0222393 seconds
Number of updated asset objects reloaded before import = 0Number of asset objects unloaded after import = 8

========================================================================
Received Import Request.
  Time since last request: 0.000071 seconds.
  path: Assets/FantasyEnvironments/Environments/Scenes/ScenePrefabs.unity
  artifactKey: Guid(d67de68de6c753d47aabfdaec9499e4a) Importer(2089858483,b0f066a214c2f5e87bad3c948f4d605d)
Start importing Assets/FantasyEnvironments/Environments/Scenes/ScenePrefabs.unity using Guid(d67de68de6c753d47aabfdaec9499e4a) Importer(2089858483,b0f066a214c2f5e87bad3c948f4d605d) (ScriptedImporter) -> (artifact id: '908e48445f0a35f5e294a1299745d8c8') in 0.0377987 seconds
Number of updated asset objects reloaded before import = 0Number of asset objects unloaded after import = 1

========================================================================
Received Import Request.
  Time since last request: 0.000105 seconds.
  path: Assets/FantasyEnvironments/Environments/Town/Materials/cart.mat
  artifactKey: Guid(df3162d26d7433e44a7fbbb74023987d) Importer(2089858483,b0f066a214c2f5e87bad3c948f4d605d)
Start importing Assets/FantasyEnvironments/Environments/Town/Materials/cart.mat using Guid(df3162d26d7433e44a7fbbb74023987d) Importer(2089858483,b0f066a214c2f5e87bad3c948f4d605d) (ScriptedImporter) -> (artifact id: '197931772c7a36647d5aa043d9d6bc1e') in 0.0229039 seconds
Number of updated asset objects reloaded before import = 0Number of asset objects unloaded after import = 2

========================================================================
Received Import Request.
  Time since last request: 0.000024 seconds.
  path: Assets/FantasyEnvironments/Environments/Ambient-Occlusion-Trees/Prefabs/Birch_tree3.prefab
  artifactKey: Guid(41282c525de09854e95ed5d9f9c17fb5) Importer(2089858483,b0f066a214c2f5e87bad3c948f4d605d)
Start importing Assets/FantasyEnvironments/Environments/Ambient-Occlusion-Trees/Prefabs/Birch_tree3.prefab using Guid(41282c525de09854e95ed5d9f9c17fb5) Importer(2089858483,b0f066a214c2f5e87bad3c948f4d605d) (ScriptedImporter) -> (artifact id: 'e50f662a501cd5faf6f22d9a298b0b16') in 0.0210627 seconds
Number of updated asset objects reloaded before import = 0Number of asset objects unloaded after import = 10

========================================================================
Received Import Request.
  Time since last request: 0.000029 seconds.
  path: Assets/FantasyEnvironments/Environments/Town/Prefabs/WoodenWall_3.prefab
  artifactKey: Guid(1a23adb5512843d47b68a82e0cd05a60) Importer(2089858483,b0f066a214c2f5e87bad3c948f4d605d)
Start importing Assets/FantasyEnvironments/Environments/Town/Prefabs/WoodenWall_3.prefab using Guid(1a23adb5512843d47b68a82e0cd05a60) Importer(2089858483,b0f066a214c2f5e87bad3c948f4d605d) (ScriptedImporter) -> (artifact id: '1eb7f5266c389a7b57c57b387202f139') in 0.0215763 seconds
Number of updated asset objects reloaded before import = 0Number of asset objects unloaded after import = 10

========================================================================
Received Import Request.
  Time since last request: 0.000040 seconds.
  path: Assets/FantasyEnvironments/Environments/Town/Prefabs/Wall_gateL.prefab
  artifactKey: Guid(085f0c4a9df420f4c80df0c2e9501532) Importer(2089858483,b0f066a214c2f5e87bad3c948f4d605d)
Start importing Assets/FantasyEnvironments/Environments/Town/Prefabs/Wall_gateL.prefab using Guid(085f0c4a9df420f4c80df0c2e9501532) Importer(2089858483,b0f066a214c2f5e87bad3c948f4d605d) (ScriptedImporter) -> (artifact id: '763eec480157cd9c53f593dc272279a7') in 0.0333025 seconds
Number of updated asset objects reloaded before import = 0Number of asset objects unloaded after import = 9

========================================================================
Received Import Request.
  Time since last request: 0.000022 seconds.
  path: Assets/FantasyEnvironments/Environments/Town/Prefabs/House2.prefab
  artifactKey: Guid(aa91054e6f5bee946ba66c9a32a3a5b9) Importer(2089858483,b0f066a214c2f5e87bad3c948f4d605d)
Start importing Assets/FantasyEnvironments/Environments/Town/Prefabs/House2.prefab using Guid(aa91054e6f5bee946ba66c9a32a3a5b9) Importer(2089858483,b0f066a214c2f5e87bad3c948f4d605d) (ScriptedImporter) -> (artifact id: '91ad7be48a1f840893ecf537d45b12cf') in 0.0263528 seconds
Number of updated asset objects reloaded before import = 0Number of asset objects unloaded after import = 10

========================================================================
Received Import Request.
  Time since last request: 0.000027 seconds.
  path: Assets/FantasyEnvironments/Environments/Prefabs/Rock1.prefab
  artifactKey: Guid(c07f24e35f07ce74ba43afa35d48adf7) Importer(2089858483,b0f066a214c2f5e87bad3c948f4d605d)
Start importing Assets/FantasyEnvironments/Environments/Prefabs/Rock1.prefab using Guid(c07f24e35f07ce74ba43afa35d48adf7) Importer(2089858483,b0f066a214c2f5e87bad3c948f4d605d) (ScriptedImporter) -> (artifact id: '4ad7fd659890396c91a4e6ac6a49f1c3') in 0.0320627 seconds
Number of updated asset objects reloaded before import = 0Number of asset objects unloaded after import = 9

========================================================================
Received Import Request.
  Time since last request: 0.000039 seconds.
  path: Assets/FantasyEnvironments/Environments/Prefabs/Flower3.prefab
  artifactKey: Guid(ad737f18422ef564aa21b23aab39d274) Importer(2089858483,b0f066a214c2f5e87bad3c948f4d605d)
Start importing Assets/FantasyEnvironments/Environments/Prefabs/Flower3.prefab using Guid(ad737f18422ef564aa21b23aab39d274) Importer(2089858483,b0f066a214c2f5e87bad3c948f4d605d) (ScriptedImporter) -> (artifact id: 'a5c26843582f8eebb57135ef57f98947') in 0.025864 seconds
Number of updated asset objects reloaded before import = 0Number of asset objects unloaded after import = 14

========================================================================
Received Import Request.
  Time since last request: 0.000043 seconds.
  path: Assets/FantasyEnvironments/Environments/Town/Materials/Tavern_interior.mat
  artifactKey: Guid(e062eef76f9c2d0489bb6e073d87eda0) Importer(2089858483,b0f066a214c2f5e87bad3c948f4d605d)
Start importing Assets/FantasyEnvironments/Environments/Town/Materials/Tavern_interior.mat using Guid(e062eef76f9c2d0489bb6e073d87eda0) Importer(2089858483,b0f066a214c2f5e87bad3c948f4d605d) (ScriptedImporter) -> (artifact id: '05e7b6526fe82449497854c15eb776c5') in 0.0238785 seconds
Number of updated asset objects reloaded before import = 0Number of asset objects unloaded after import = 3

========================================================================
Received Import Request.
  Time since last request: 0.000022 seconds.
  path: Assets/FantasyEnvironments/Environments/Prefabs/Rye.prefab
  artifactKey: Guid(18b3653ff6ace964c9b8347669591485) Importer(2089858483,b0f066a214c2f5e87bad3c948f4d605d)
Start importing Assets/FantasyEnvironments/Environments/Prefabs/Rye.prefab using Guid(18b3653ff6ace964c9b8347669591485) Importer(2089858483,b0f066a214c2f5e87bad3c948f4d605d) (ScriptedImporter) -> (artifact id: '0381c75b4f479052666111916fec34b5') in 0.0218155 seconds
Number of updated asset objects reloaded before import = 0Number of asset objects unloaded after import = 14

========================================================================
Received Import Request.
  Time since last request: 0.000029 seconds.
  path: Assets/FantasyEnvironments/Environments/Ambient-Occlusion-Trees/Materials/Pine_leaves.mat
  artifactKey: Guid(b09e7c2aeb26bb84cbfa0586ec3c5bbb) Importer(2089858483,b0f066a214c2f5e87bad3c948f4d605d)
Start importing Assets/FantasyEnvironments/Environments/Ambient-Occlusion-Trees/Materials/Pine_leaves.mat using Guid(b09e7c2aeb26bb84cbfa0586ec3c5bbb) Importer(2089858483,b0f066a214c2f5e87bad3c948f4d605d) (ScriptedImporter) -> (artifact id: '4eb5894d039e2160c584065ca238ee5e') in 0.0196917 seconds
Number of updated asset objects reloaded before import = 0Number of asset objects unloaded after import = 2

========================================================================
Received Import Request.
  Time since last request: 0.994793 seconds.
  path: Assets/FantasyEnvironments/Environments/Town/Materials/Furniture.mat
  artifactKey: Guid(c35490559be99f949be7aa3e97690aa4) Importer(2089858483,b0f066a214c2f5e87bad3c948f4d605d)
Start importing Assets/FantasyEnvironments/Environments/Town/Materials/Furniture.mat using Guid(c35490559be99f949be7aa3e97690aa4) Importer(2089858483,b0f066a214c2f5e87bad3c948f4d605d) (ScriptedImporter) -> (artifact id: '334ca6d767241fd41a98ad0c68db09d2') in 0.0300858 seconds
Number of updated asset objects reloaded before import = 0Number of asset objects unloaded after import = 2

========================================================================
Received Import Request.
  Time since last request: 0.000026 seconds.
  path: Assets/FantasyEnvironments/Environments/Ambient-Occlusion-Trees/Materials/Pine_stump.mat
  artifactKey: Guid(fd63946ad0263fd47bd2fed4079331f3) Importer(2089858483,b0f066a214c2f5e87bad3c948f4d605d)
Start importing Assets/FantasyEnvironments/Environments/Ambient-Occlusion-Trees/Materials/Pine_stump.mat using Guid(fd63946ad0263fd47bd2fed4079331f3) Importer(2089858483,b0f066a214c2f5e87bad3c948f4d605d) (ScriptedImporter) -> (artifact id: 'c176ff76861df1ef50f747d6b2497566') in 0.0245875 seconds
Number of updated asset objects reloaded before import = 0Number of asset objects unloaded after import = 2

========================================================================
Received Import Request.
  Time since last request: 58.215365 seconds.
  path: Assets/FantasyEnvironments/Environments/Ambient-Occlusion-Trees/Prefabs
  artifactKey: Guid(6647ba659f88c3c4a97591724029ae65) Importer(815301076,1909f56bfc062723c751e8b465ee728b)
Start importing Assets/FantasyEnvironments/Environments/Ambient-Occlusion-Trees/Prefabs using Guid(6647ba659f88c3c4a97591724029ae65) Importer(815301076,1909f56bfc062723c751e8b465ee728b) (PreviewImporter) -> (artifact id: '1f272f13247a7315f4d714c5d6e2179e') in 0.0010083 seconds
Number of updated asset objects reloaded before import = 0Number of asset objects unloaded after import = 0

========================================================================
Received Import Request.
  Time since last request: 0.000039 seconds.
  path: Assets/FantasyEnvironments/Environments/Ambient-Occlusion-Trees/Prefabs/Birch_tree1.prefab
  artifactKey: Guid(47356d574ebc3a545bfaef26eb02a2ea) Importer(815301076,1909f56bfc062723c751e8b465ee728b)
Start importing Assets/FantasyEnvironments/Environments/Ambient-Occlusion-Trees/Prefabs/Birch_tree1.prefab using Guid(47356d574ebc3a545bfaef26eb02a2ea) Importer(815301076,1909f56bfc062723c751e8b465ee728b) (PreviewImporter) -> (artifact id: '5cdd7d4c4c8dfbe609ebbdd795d5327b') in 0.9045815 seconds
Number of updated asset objects reloaded before import = 0Number of asset objects unloaded after import = 12

========================================================================
Received Import Request.
  Time since last request: 0.000036 seconds.
  path: Assets/FantasyEnvironments/Environments/Ambient-Occlusion-Trees/Prefabs/Oak_tree2.prefab
  artifactKey: Guid(97c810fbbe2577a45863f4be151b599b) Importer(815301076,1909f56bfc062723c751e8b465ee728b)
Start importing Assets/FantasyEnvironments/Environments/Ambient-Occlusion-Trees/Prefabs/Oak_tree2.prefab using Guid(97c810fbbe2577a45863f4be151b599b) Importer(815301076,1909f56bfc062723c751e8b465ee728b) (PreviewImporter) -> (artifact id: 'f766fda7c9d4b2843515467a36316dcf') in 0.0334808 seconds
Number of updated asset objects reloaded before import = 0Number of asset objects unloaded after import = 12

========================================================================
Received Import Request.
  Time since last request: 0.000060 seconds.
  path: Assets/FantasyEnvironments/Environments/Ambient-Occlusion-Trees/Prefabs/Pine_tree2.prefab
  artifactKey: Guid(f86a19e11c6b9734ba52832ec45ee16f) Importer(815301076,1909f56bfc062723c751e8b465ee728b)
Start importing Assets/FantasyEnvironments/Environments/Ambient-Occlusion-Trees/Prefabs/Pine_tree2.prefab using Guid(f86a19e11c6b9734ba52832ec45ee16f) Importer(815301076,1909f56bfc062723c751e8b465ee728b) (PreviewImporter) -> (artifact id: '72c1075292d295a5a58356b6c14b9cca') in 0.0276827 seconds
Number of updated asset objects reloaded before import = 0Number of asset objects unloaded after import = 12

========================================================================
Received Import Request.
  Time since last request: 78.774940 seconds.
  path: Assets/FantasyEnvironments/Environments/Ambient-Occlusion-Trees/Materials/Birch_bark.mat
  artifactKey: Guid(7ed001e11f025264c8b5dfc5b0702319) Importer(815301076,1909f56bfc062723c751e8b465ee728b)
Start importing Assets/FantasyEnvironments/Environments/Ambient-Occlusion-Trees/Materials/Birch_bark.mat using Guid(7ed001e11f025264c8b5dfc5b0702319) Importer(815301076,1909f56bfc062723c751e8b465ee728b) (PreviewImporter) -> (artifact id: 'f4bdf7cf15f38e5949b6dafe4f644f28') in 0.0826154 seconds
Number of updated asset objects reloaded before import = 0Number of asset objects unloaded after import = 2

========================================================================
Received Import Request.
  Time since last request: 0.000041 seconds.
  path: Assets/FantasyEnvironments/Environments/Ambient-Occlusion-Trees/Materials/Tree_leaves1.mat
  artifactKey: Guid(20b507e5fd20b2b479f55c0bb448cfb2) Importer(815301076,1909f56bfc062723c751e8b465ee728b)
Start importing Assets/FantasyEnvironments/Environments/Ambient-Occlusion-Trees/Materials/Tree_leaves1.mat using Guid(20b507e5fd20b2b479f55c0bb448cfb2) Importer(815301076,1909f56bfc062723c751e8b465ee728b) (PreviewImporter) -> (artifact id: '62975bc3d1f1dd2eb12b9e469950fe88') in 0.0178687 seconds
Number of updated asset objects reloaded before import = 0Number of asset objects unloaded after import = 2

========================================================================
Received Import Request.
  Time since last request: 0.000040 seconds.
  path: Assets/FantasyEnvironments/Environments/Ambient-Occlusion-Trees/Materials/Tree_bark2.mat
  artifactKey: Guid(e307ecc0c4c82b740b3b129cca74dd1a) Importer(815301076,1909f56bfc062723c751e8b465ee728b)
Start importing Assets/FantasyEnvironments/Environments/Ambient-Occlusion-Trees/Materials/Tree_bark2.mat using Guid(e307ecc0c4c82b740b3b129cca74dd1a) Importer(815301076,1909f56bfc062723c751e8b465ee728b) (PreviewImporter) -> (artifact id: '8f2375292bdde4583bd806b2f4989e16') in 0.0167591 seconds
Number of updated asset objects reloaded before import = 0Number of asset objects unloaded after import = 2

========================================================================
Received Import Request.
  Time since last request: 0.000035 seconds.
  path: Assets/FantasyEnvironments/Environments/Ambient-Occlusion-Trees/Materials/Pine_bark.mat
  artifactKey: Guid(8dbb16fd86f5b7248b93f86a4f121388) Importer(815301076,1909f56bfc062723c751e8b465ee728b)
Start importing Assets/FantasyEnvironments/Environments/Ambient-Occlusion-Trees/Materials/Pine_bark.mat using Guid(8dbb16fd86f5b7248b93f86a4f121388) Importer(815301076,1909f56bfc062723c751e8b465ee728b) (PreviewImporter) -> (artifact id: 'd4e223b0b1233028151ec6dbe8c1a8c2') in 0.0263208 seconds
Number of updated asset objects reloaded before import = 0Number of asset objects unloaded after import = 2

========================================================================
Received Import Request.
  Time since last request: 0.000101 seconds.
  path: Assets/FantasyEnvironments/Environments/Ambient-Occlusion-Trees/Materials/Willow_bark.mat
  artifactKey: Guid(d3ad70c162b894b41bcc1221fac9a976) Importer(815301076,1909f56bfc062723c751e8b465ee728b)
Start importing Assets/FantasyEnvironments/Environments/Ambient-Occlusion-Trees/Materials/Willow_bark.mat using Guid(d3ad70c162b894b41bcc1221fac9a976) Importer(815301076,1909f56bfc062723c751e8b465ee728b) (PreviewImporter) -> (artifact id: '655810347f33751de696f06c0d896eb4') in 0.0219168 seconds
Number of updated asset objects reloaded before import = 0Number of asset objects unloaded after import = 2

========================================================================
Received Import Request.
  Time since last request: 0.000040 seconds.
  path: Assets/FantasyEnvironments/Environments/Ambient-Occlusion-Trees/Materials/Tree_bark1.mat
  artifactKey: Guid(413a94560e540a34b8e573686225293f) Importer(815301076,1909f56bfc062723c751e8b465ee728b)
Start importing Assets/FantasyEnvironments/Environments/Ambient-Occlusion-Trees/Materials/Tree_bark1.mat using Guid(413a94560e540a34b8e573686225293f) Importer(815301076,1909f56bfc062723c751e8b465ee728b) (PreviewImporter) -> (artifact id: 'e8c1fc39d32b78a0447237aeef4f0db5') in 0.0272508 seconds
Number of updated asset objects reloaded before import = 0Number of asset objects unloaded after import = 2

========================================================================
Received Import Request.
  Time since last request: 2.224272 seconds.
  path: Assets/FantasyEnvironments/Environments/Ambient-Occlusion-Trees/Textures/Birch_bark.png
  artifactKey: Guid(1638877f09625b341a06f2872806b8bf) Importer(815301076,1909f56bfc062723c751e8b465ee728b)
Start importing Assets/FantasyEnvironments/Environments/Ambient-Occlusion-Trees/Textures/Birch_bark.png using Guid(1638877f09625b341a06f2872806b8bf) Importer(815301076,1909f56bfc062723c751e8b465ee728b) (PreviewImporter)[Licensing::Client] Successfully resolved entitlement details
 -> (artifact id: '103b783c530729f0cf45fcf63efca1d1') in 0.0402507 seconds
Number of updated asset objects reloaded before import = 0Number of asset objects unloaded after import = 2

========================================================================
Received Import Request.
  Time since last request: 30.201812 seconds.
  path: Assets/FantasyEnvironments/Environments/Ambient-Occlusion-Trees/Textures/Birch_leaves.tga
  artifactKey: Guid(ee8680ca49b912746958dd16c5d23051) Importer(815301076,1909f56bfc062723c751e8b465ee728b)
Start importing Assets/FantasyEnvironments/Environments/Ambient-Occlusion-Trees/Textures/Birch_leaves.tga using Guid(ee8680ca49b912746958dd16c5d23051) Importer(815301076,1909f56bfc062723c751e8b465ee728b) (PreviewImporter) -> (artifact id: '82edd65cf170e9b65d66826e1dab374e') in 0.0381755 seconds
Number of updated asset objects reloaded before import = 0Number of asset objects unloaded after import = 2

========================================================================
Received Import Request.
  Time since last request: 0.000042 seconds.
  path: Assets/FantasyEnvironments/Environments/Ambient-Occlusion-Trees/Textures/Pine_bark.png
  artifactKey: Guid(a3904939c879c3b418dd77b69561edf3) Importer(815301076,1909f56bfc062723c751e8b465ee728b)
Start importing Assets/FantasyEnvironments/Environments/Ambient-Occlusion-Trees/Textures/Pine_bark.png using Guid(a3904939c879c3b418dd77b69561edf3) Importer(815301076,1909f56bfc062723c751e8b465ee728b) (PreviewImporter) -> (artifact id: 'd3bce96025235cd24a0ed658bda7b282') in 0.0433469 seconds
Number of updated asset objects reloaded before import = 0Number of asset objects unloaded after import = 2

========================================================================
Received Import Request.
  Time since last request: 0.000232 seconds.
  path: Assets/FantasyEnvironments/Environments/Ambient-Occlusion-Trees/Textures/Willow_leaves.tga
  artifactKey: Guid(7987c5bb233b761468b48880edf7eee1) Importer(815301076,1909f56bfc062723c751e8b465ee728b)
Start importing Assets/FantasyEnvironments/Environments/Ambient-Occlusion-Trees/Textures/Willow_leaves.tga using Guid(7987c5bb233b761468b48880edf7eee1) Importer(815301076,1909f56bfc062723c751e8b465ee728b) (PreviewImporter) -> (artifact id: 'cdd23ea392b8526453ca5f9baa8272bc') in 0.0241443 seconds
Number of updated asset objects reloaded before import = 0Number of asset objects unloaded after import = 2

========================================================================
Received Import Request.
  Time since last request: 0.000257 seconds.
  path: Assets/FantasyEnvironments/Environments/Ambient-Occlusion-Trees/Textures/Willow_bark.png
  artifactKey: Guid(240ce1d8a314c864fb44efc3c56a49a3) Importer(815301076,1909f56bfc062723c751e8b465ee728b)
Start importing Assets/FantasyEnvironments/Environments/Ambient-Occlusion-Trees/Textures/Willow_bark.png using Guid(240ce1d8a314c864fb44efc3c56a49a3) Importer(815301076,1909f56bfc062723c751e8b465ee728b) (PreviewImporter) -> (artifact id: 'c7afd0690669e27c696f13f417e2e0e6') in 0.0279076 seconds
Number of updated asset objects reloaded before import = 0Number of asset objects unloaded after import = 2

========================================================================
Received Import Request.
  Time since last request: 644.204182 seconds.
  path: Assets/Scenes/creditos.unity
  artifactKey: Guid(688762ff94d9f874bb52d94f83084e2b) Importer(815301076,1909f56bfc062723c751e8b465ee728b)
Start importing Assets/Scenes/creditos.unity using Guid(688762ff94d9f874bb52d94f83084e2b) Importer(815301076,1909f56bfc062723c751e8b465ee728b) (PreviewImporter) -> (artifact id: 'f55d516b56ddacd837b99ea7d33c4a02') in 0.001299 seconds
Number of updated asset objects reloaded before import = 0Number of asset objects unloaded after import = 0

