[Licensing::Module] Trying to connect to existing licensing client channel...
Built from '6000.3/staging' branch; Version is '6000.3.3f1 (ef04196de0d6) revision 15664153'; Using compiler version '194234433'; Build Type 'Release'
[Licensing::IpcConnector] Successfully connected to: "LicenseClient-thego" at "2026-04-13T18:21:30.4243634Z"
OS: 'Windows 11  (10.0.26200) 64bit Core' Language: 'en' Physical Memory: 15636 MB
BatchMode: 1, IsHumanControllingUs: 0, StartBugReporterOnCrash: 0, Is64bit: 1
Date: 2026-04-13T18:21:30Z

COMMAND LINE ARGUMENTS:
C:\Program Files\Unity\Hub\Editor\6000.3.3f1\Editor\Unity.exe
-adb2
-batchMode
-noUpm
-name
AssetImportWorker3
-projectPath
C:/Users/thego/Desktop/Unity2026/UTL_VR_U3
-logFile
Logs/AssetImportWorker3.log
-srvPort
61587
-licensingIpc
LicenseClient-thego
-job-worker-count
5
-background-job-worker-count
8
-gc-helper-count
1
-name
AssetImport
Successfully changed project path to: C:/Users/thego/Desktop/Unity2026/UTL_VR_U3
C:/Users/thego/Desktop/Unity2026/UTL_VR_U3
[UnityMemory] Configuration Parameters - Can be set up in boot.config
    "memorysetup-temp-allocator-size-nav-mesh-worker=65536"
    "memorysetup-temp-allocator-size-audio-worker=65536"
    "memorysetup-temp-allocator-size-gfx=262144"
    "memorysetup-allocator-temp-initial-block-size-main=262144"
    "memorysetup-allocator-temp-initial-block-size-worker=262144"
    "memorysetup-temp-allocator-size-background-worker=32768"
    "memorysetup-temp-allocator-size-job-worker=262144"
    "memorysetup-temp-allocator-size-preload-manager=33554432"
    "memorysetup-temp-allocator-size-gi-baking-worker=262144"
    "memorysetup-temp-allocator-size-gi-baking-worker=262144"
    "memorysetup-temp-allocator-size-gi-baking-worker=262144"
    "memorysetup-temp-allocator-size-gi-baking-worker=262144"
    "memorysetup-temp-allocator-size-gi-baking-worker=262144"
    "memorysetup-bucket-allocator-granularity=16"
    "memorysetup-bucket-allocator-bucket-count=8"
    "memorysetup-bucket-allocator-block-size=33554432"
    "memorysetup-bucket-allocator-block-count=8"
    "memorysetup-main-allocator-block-size=16777216"
    "memorysetup-thread-allocator-block-size=16777216"
    "memorysetup-gfx-main-allocator-block-size=16777216"
    "memorysetup-gfx-thread-allocator-block-size=16777216"
    "memorysetup-cache-allocator-block-size=4194304"
    "memorysetup-typetree-allocator-block-size=2097152"
    "memorysetup-profiler-bucket-allocator-granularity=16"
    "memorysetup-profiler-bucket-allocator-bucket-count=8"
    "memorysetup-profiler-bucket-allocator-block-size=33554432"
    "memorysetup-profiler-bucket-allocator-block-count=8"
    "memorysetup-profiler-allocator-block-size=16777216"
    "memorysetup-profiler-editor-allocator-block-size=1048576"
    "memorysetup-temp-allocator-size-main=16777216"
    "memorysetup-job-temp-allocator-block-size=2097152"
    "memorysetup-job-temp-allocator-block-size-background=1048576"
    "memorysetup-job-temp-allocator-reduction-small-platforms=262144"
    "memorysetup-temp-allocator-size-cloud-worker=32768"
Player connection [6764]  Target information:

Player connection [6764]  * "[IP] 10.16.6.104 [Port] 0 [Flags] 2 [Guid] 2141153179 [EditorId] 2141153179 [Version] 1048832 [Id] WindowsEditor(7,GodSlayer) [Debug] 1 [PackageName] WindowsEditor [ProjectName] Editor" 

Player connection [6764] Host joined multi-casting on [225.0.0.222:54997]...
Player connection [6764] Host joined alternative multi-casting on [225.0.0.222:34997]...
JobSystem: Creating JobQueue using job-worker-count value 5
Input System module state changed to: Initialized.
[Physics::Module] Initialized fallback backend.
[Physics::Module] Id: 0xdecafbad
Library Redirect Path: Library/
[Physics::Module] Selected backend.
[Physics::Module] Name: PhysX
[Physics::Module] Id: 0xf2b8ea05
[Physics::Module] SDK Version: 4.1.2
[Physics::Module] Integration Version: 1.0.0
[Physics::Module] Threading Mode: Multi-Threaded
Refreshing native plugins compatible for Editor in 14.78 ms, found 6 plugins.
Preloading 1 native plugins for Editor in 1.38 ms.
Initialize engine version: 6000.3.3f1 (ef04196de0d6)
[Subsystems] Discovering subsystems at path C:/Program Files/Unity/Hub/Editor/6000.3.3f1/Editor/Data/Resources/UnitySubsystems
[Subsystems] Discovering subsystems at path C:/Users/thego/Desktop/Unity2026/UTL_VR_U3/Assets
GfxDevice: creating device client; kGfxThreadingModeNonThreaded
Direct3D:
    Version:  Direct3D 11.0 [level 11.1]
    Renderer: NVIDIA GeForce RTX 4050 Laptop GPU (ID=0x28e1)
    Vendor:   NVIDIA
    VRAM:     5920 MB
    Driver:   32.0.15.9579
Initialize mono
Mono path[0] = 'C:/Program Files/Unity/Hub/Editor/6000.3.3f1/Editor/Data/Managed'
Mono path[1] = 'C:/Program Files/Unity/Hub/Editor/6000.3.3f1/Editor/Data/MonoBleedingEdge/lib/mono/unityjit-win32'
Mono config path = 'C:/Program Files/Unity/Hub/Editor/6000.3.3f1/Editor/Data/MonoBleedingEdge/etc'
Using monoOptions --debugger-agent=transport=dt_socket,embedding=1,server=y,suspend=n,address=127.0.0.1:56276
Begin MonoManager ReloadAssembly
Registering precompiled unity dll's ...
Register platform support module: C:/Program Files/Unity/Hub/Editor/6000.3.3f1/Editor/Data/PlaybackEngines/WebGLSupport/UnityEditor.WebGL.Extensions.dll
Register platform support module: C:/Program Files/Unity/Hub/Editor/6000.3.3f1/Editor/Data/PlaybackEngines/WindowsStandaloneSupport/UnityEditor.WindowsStandalone.Extensions.dll
[Licensing::Module] Licensing is not yet initialized.
[Licensing::Client] Handshaking with LicensingClient:
  Version:                 1.17.4+4293ba1
  Session Id:              a66f2fb5c3c94b2f938bb6131fca29ad
  Correlation Id:          fff21e541defb49460173f53307c6550
  External correlation Id: 7817962122508690983
  Machine Id:              K68N8m8BZuN+TKx9uYFY8JQz40Y=
[Licensing::Module] Successfully connected to LicensingClient on channel: "LicenseClient-thego" (connect: 0.00s, validation: 0.00s, handshake: 2.06s)
[Licensing::IpcConnector] Successfully connected to: "LicenseClient-thego-notifications" at "2026-04-13T18:21:32.4912736Z"
[Licensing::Module] Licensing Background thread has ended after 2.07s
[Licensing::Module] Licensing is initialized (took 0.49s).
[Licensing::Client] Successfully resolved entitlement details
[Licensing::Module] License group:
  Id: 4674149428689-UnityPersXXXX
  Product: Unity Personal
  Type: Assigned
  Expiration: Unlimited
Register platform support module: C:/Program Files/Unity/Hub/Editor/6000.3.3f1/Editor/Data/PlaybackEngines/AndroidPlayer/UnityEditor.Android.Extensions.dll
Registered in 0.502356 seconds.
- Loaded All Assemblies, in  1.449 seconds
Native extension for Android target not found
Android Extension - Scanning For ADB Devices 411 ms
Native extension for WindowsStandalone target not found
Native extension for WebGL target not found
Mono: successfully reloaded assembly
- Finished resetting the current domain, in  1.238 seconds
Domain Reload Profiling: 2683ms
	BeginReloadAssembly (282ms)
		ExecutionOrderSort (0ms)
		DisableScriptedObjects (0ms)
		BackupInstance (0ms)
		ReleaseScriptingObjects (0ms)
		CreateAndSetChildDomain (1ms)
	RebuildCommonClasses (87ms)
	RebuildNativeTypeToScriptingClass (37ms)
	initialDomainReloadingComplete (626ms)
	LoadAllAssembliesAndSetupDomain (414ms)
		LoadAssemblies (277ms)
		RebuildTransferFunctionScriptingTraits (0ms)
		AnalyzeDomain (406ms)
			TypeCache.Refresh (404ms)
				TypeCache.ScanAssembly (380ms)
			BuildScriptInfoCaches (0ms)
			ResolveRequiredComponents (1ms)
	FinalizeReload (1238ms)
		ReleaseScriptCaches (0ms)
		RebuildScriptCaches (0ms)
		SetupLoadedEditorAssemblies (1139ms)
			LogAssemblyErrors (0ms)
			InitializePlatformSupportModulesInManaged (587ms)
			SetLoadedEditorAssemblies (7ms)
			BeforeProcessingInitializeOnLoad (145ms)
			ProcessInitializeOnLoadAttributes (272ms)
			ProcessInitializeOnLoadMethodAttributes (128ms)
			AfterProcessingInitializeOnLoad (0ms)
			EditorAssembliesLoaded (0ms)
		ExecutionOrderSort2 (0ms)
		AwakeInstancesAfterBackupRestoration (0ms)
========================================================================
Worker process is ready to serve import requests
Import Worker Mode flag is 0x00
Begin MonoManager ReloadAssembly
[Licensing::Client] Successfully resolved entitlement details
- Loaded All Assemblies, in  1.335 seconds
Refreshing native plugins compatible for Editor in 3.12 ms, found 6 plugins.
Native extension for Android target not found
Native extension for WindowsStandalone target not found
Native extension for WebGL target not found
Package Manager log level set to [2]
[Package Manager] Failed to launch server process. Reason: Unity was launched with the -noUpm command-line argument
[Package Manager] Unable to send message (not connected to server process).
[Package Manager] Cannot connect to Unity Package Manager local server
System.Reflection.TargetInvocationException: Exception has been thrown by the target of an invocation. ---> System.NullReferenceException: Object reference not set to an instance of an object
  at Unity.XR.Oculus.OculusLoader.AssetPathToAbsolutePath (System.String assetPath) [0x0003d] in .\Library\PackageCache\com.unity.xr.oculus@68ef97a4d91e\Runtime\OculusLoader.cs:312 
  at Unity.XR.Oculus.OculusLoader.EditorLoadOVRPlugin () [0x0008c] in .\Library\PackageCache\com.unity.xr.oculus@68ef97a4d91e\Runtime\OculusLoader.cs:297 
  at (wrapper managed-to-native) System.Reflection.RuntimeMethodInfo.InternalInvoke(System.Reflection.RuntimeMethodInfo,object,object[],System.Exception&)
  at System.Reflection.RuntimeMethodInfo.Invoke (System.Object obj, System.Reflection.BindingFlags invokeAttr, System.Reflection.Binder binder, System.Object[] parameters, System.Globalization.CultureInfo culture) [0x0006a] in <1eb9db207454431c84a47bcd81e79c37>:0 
   --- End of inner exception stack trace ---
  at System.Reflection.RuntimeMethodInfo.Invoke (System.Object obj, System.Reflection.BindingFlags invokeAttr, System.Reflection.Binder binder, System.Object[] parameters, System.Globalization.CultureInfo culture) [0x00083] in <1eb9db207454431c84a47bcd81e79c37>:0 
  at System.Reflection.MethodBase.Invoke (System.Object obj, System.Object[] parameters) [0x00000] in <1eb9db207454431c84a47bcd81e79c37>:0 
  at UnityEditor.EditorAssemblies.ProcessInitializeOnLoadMethodAttributes () [0x00087] in <6af83ae2d15b4450b49e1958cf1785d8>:0 
UnityEngine.Debug:ExtractStackTraceNoAlloc (byte*,int,string)
UnityEngine.StackTraceUtility:ExtractStackTrace ()
UnityEngine.DebugLogHandler:Internal_Log (UnityEngine.LogType,UnityEngine.LogOption,string,UnityEngine.Object)
UnityEngine.DebugLogHandler:LogFormat (UnityEngine.LogType,UnityEngine.Object,string,object[])
UnityEngine.Logger:Log (UnityEngine.LogType,object)
UnityEngine.Debug:LogError (object)
UnityEditor.EditorAssemblies:ProcessInitializeOnLoadMethodAttributes ()

Mono: successfully reloaded assembly
[Package Manager] Failed to launch server process. Reason: Unity was launched with the -noUpm command-line argument
[Package Manager] Unable to send message (not connected to server process).
[Package Manager] Cannot connect to Unity Package Manager local server
[Package Manager] Failed to launch server process. Reason: Unity was launched with the -noUpm command-line argument
[Package Manager] Unable to send message (not connected to server process).
[Package Manager] Cannot connect to Unity Package Manager local server
- Finished resetting the current domain, in  2.134 seconds
Domain Reload Profiling: 3460ms
	BeginReloadAssembly (343ms)
		ExecutionOrderSort (0ms)
		DisableScriptedObjects (14ms)
		BackupInstance (0ms)
		ReleaseScriptingObjects (0ms)
		CreateAndSetChildDomain (71ms)
	RebuildCommonClasses (51ms)
	RebuildNativeTypeToScriptingClass (19ms)
	initialDomainReloadingComplete (54ms)
	LoadAllAssembliesAndSetupDomain (859ms)
		LoadAssemblies (605ms)
		RebuildTransferFunctionScriptingTraits (0ms)
		AnalyzeDomain (446ms)
			TypeCache.Refresh (327ms)
				TypeCache.ScanAssembly (297ms)
			BuildScriptInfoCaches (90ms)
			ResolveRequiredComponents (23ms)
	FinalizeReload (2135ms)
		ReleaseScriptCaches (0ms)
		RebuildScriptCaches (0ms)
		SetupLoadedEditorAssemblies (1822ms)
			LogAssemblyErrors (0ms)
			InitializePlatformSupportModulesInManaged (14ms)
			SetLoadedEditorAssemblies (10ms)
			BeforeProcessingInitializeOnLoad (261ms)
			ProcessInitializeOnLoadAttributes (1292ms)
			ProcessInitializeOnLoadMethodAttributes (238ms)
			AfterProcessingInitializeOnLoad (7ms)
			EditorAssembliesLoaded (0ms)
		ExecutionOrderSort2 (0ms)
		AwakeInstancesAfterBackupRestoration (8ms)
Launched and connected shader compiler UnityShaderCompiler.exe after 0.02 seconds
Refreshing native plugins compatible for Editor in 6.31 ms, found 6 plugins.
Preloading 1 native plugins for Editor in 0.18 ms.
Unloading 16 Unused Serialized files (Serialized files now loaded: 0)
Unloading 7210 unused Assets / (5.5 MB). Loaded Objects now: 8049.
Memory consumption went from 159.6 MB to 154.1 MB.
Total: 38.776700 ms (FindLiveObjects: 1.784900 ms CreateObjectMapping: 1.208800 ms MarkObjects: 30.743200 ms  DeleteObjects: 5.036900 ms)

========================================================================
Received Import Request.
  Time since last request: 8844.254537 seconds.
  path: Assets/FantasyEnvironments/Environments/Town/Prefabs/Windmill.prefab
  artifactKey: Guid(28b03608ec7315044906c829c8f86f8b) Importer(2089858483,b0f066a214c2f5e87bad3c948f4d605d)
Start importing Assets/FantasyEnvironments/Environments/Town/Prefabs/Windmill.prefab using Guid(28b03608ec7315044906c829c8f86f8b) Importer(2089858483,b0f066a214c2f5e87bad3c948f4d605d) (ScriptedImporter) -> (artifact id: 'e6461702b2d3fe31a2a6fc73341d62f5') in 0.1908075 seconds
Number of updated asset objects reloaded before import = 0Number of asset objects unloaded after import = 101

========================================================================
Received Import Request.
  Time since last request: 0.000034 seconds.
  path: Assets/FantasyEnvironments/Environments/Town/Prefabs/Furniture_chair2.prefab
  artifactKey: Guid(1ff4556f964b9f0448c031a10afabb46) Importer(2089858483,b0f066a214c2f5e87bad3c948f4d605d)
Start importing Assets/FantasyEnvironments/Environments/Town/Prefabs/Furniture_chair2.prefab using Guid(1ff4556f964b9f0448c031a10afabb46) Importer(2089858483,b0f066a214c2f5e87bad3c948f4d605d) (ScriptedImporter) -> (artifact id: '759c419fe7d966fe65fc4cddd2d991be') in 0.1017177 seconds
Number of updated asset objects reloaded before import = 0Number of asset objects unloaded after import = 9

========================================================================
Received Import Request.
  Time since last request: 0.000051 seconds.
  path: Assets/FantasyEnvironments/Environments/Prefabs/Stone3.prefab
  artifactKey: Guid(5c11b6a454fa5fd458d541957f1de507) Importer(2089858483,b0f066a214c2f5e87bad3c948f4d605d)
Start importing Assets/FantasyEnvironments/Environments/Prefabs/Stone3.prefab using Guid(5c11b6a454fa5fd458d541957f1de507) Importer(2089858483,b0f066a214c2f5e87bad3c948f4d605d) (ScriptedImporter) -> (artifact id: '74c78b64d26482a66eddce74e7e5c84b') in 0.0199342 seconds
Number of updated asset objects reloaded before import = 0Number of asset objects unloaded after import = 21

========================================================================
Received Import Request.
  Time since last request: 0.000033 seconds.
  path: Assets/FantasyEnvironments/Environments/Ambient-Occlusion-Trees/Materials/Pine_stump.mat
  artifactKey: Guid(fd63946ad0263fd47bd2fed4079331f3) Importer(2089858483,b0f066a214c2f5e87bad3c948f4d605d)
Start importing Assets/FantasyEnvironments/Environments/Ambient-Occlusion-Trees/Materials/Pine_stump.mat using Guid(fd63946ad0263fd47bd2fed4079331f3) Importer(2089858483,b0f066a214c2f5e87bad3c948f4d605d) (ScriptedImporter) -> (artifact id: 'db0834ca90e3932796c7280d445f554d') in 0.0442362 seconds
Number of updated asset objects reloaded before import = 0Number of asset objects unloaded after import = 2

========================================================================
Received Import Request.
  Time since last request: 0.000040 seconds.
  path: Assets/FantasyEnvironments/Environments/Town/Prefabs/storage_bag.prefab
  artifactKey: Guid(8379f308d5dcffd4ab2f3ee5959a1076) Importer(2089858483,b0f066a214c2f5e87bad3c948f4d605d)
Start importing Assets/FantasyEnvironments/Environments/Town/Prefabs/storage_bag.prefab using Guid(8379f308d5dcffd4ab2f3ee5959a1076) Importer(2089858483,b0f066a214c2f5e87bad3c948f4d605d) (ScriptedImporter) -> (artifact id: 'd4261867e021afa2768fe62086dddca2') in 0.0442876 seconds
Number of updated asset objects reloaded before import = 0Number of asset objects unloaded after import = 9

========================================================================
Received Import Request.
  Time since last request: 0.000054 seconds.
  path: Assets/FantasyEnvironments/Environments/Town/Prefabs/Wall_props.prefab
  artifactKey: Guid(344cf0c3e19298f43895cc0857021250) Importer(2089858483,b0f066a214c2f5e87bad3c948f4d605d)
Start importing Assets/FantasyEnvironments/Environments/Town/Prefabs/Wall_props.prefab using Guid(344cf0c3e19298f43895cc0857021250) Importer(2089858483,b0f066a214c2f5e87bad3c948f4d605d) (ScriptedImporter) -> (artifact id: '9be67d164e949828c88889fbbf6e6d10') in 0.0238716 seconds
Number of updated asset objects reloaded before import = 0Number of asset objects unloaded after import = 9

========================================================================
Received Import Request.
  Time since last request: 0.000026 seconds.
  path: Assets/FantasyEnvironments/Environments/Ambient-Occlusion-Trees/Materials/Willow_bark.mat
  artifactKey: Guid(d3ad70c162b894b41bcc1221fac9a976) Importer(2089858483,b0f066a214c2f5e87bad3c948f4d605d)
Start importing Assets/FantasyEnvironments/Environments/Ambient-Occlusion-Trees/Materials/Willow_bark.mat using Guid(d3ad70c162b894b41bcc1221fac9a976) Importer(2089858483,b0f066a214c2f5e87bad3c948f4d605d) (ScriptedImporter) -> (artifact id: '2c42dd6c0bf9a39dc234fd2e7389c1f9') in 0.0215553 seconds
Number of updated asset objects reloaded before import = 0Number of asset objects unloaded after import = 2

========================================================================
Received Import Request.
  Time since last request: 0.000052 seconds.
  path: Assets/FantasyEnvironments/Environments/Prefabs/Stone2.prefab
  artifactKey: Guid(f36916143c7509543b1b8d40091baa24) Importer(2089858483,b0f066a214c2f5e87bad3c948f4d605d)
Start importing Assets/FantasyEnvironments/Environments/Prefabs/Stone2.prefab using Guid(f36916143c7509543b1b8d40091baa24) Importer(2089858483,b0f066a214c2f5e87bad3c948f4d605d) (ScriptedImporter) -> (artifact id: 'b9b728a3aa1ad766f023977d02592808') in 0.0203508 seconds
Number of updated asset objects reloaded before import = 0Number of asset objects unloaded after import = 21

========================================================================
Received Import Request.
  Time since last request: 0.000038 seconds.
  path: Assets/FantasyEnvironments/Environments/Scenes/DemoScene1
  artifactKey: Guid(8d1499513d065d041bc3c51dc560f2c6) Importer(2089858483,b0f066a214c2f5e87bad3c948f4d605d)
Start importing Assets/FantasyEnvironments/Environments/Scenes/DemoScene1 using Guid(8d1499513d065d041bc3c51dc560f2c6) Importer(2089858483,b0f066a214c2f5e87bad3c948f4d605d) (ScriptedImporter) -> (artifact id: '7a46e31646765a47f196160ce5a649e2') in 0.0209901 seconds
Number of updated asset objects reloaded before import = 0Number of asset objects unloaded after import = 1

========================================================================
Received Import Request.
  Time since last request: 0.000043 seconds.
  path: Assets/FantasyEnvironments/Environments/Town/Materials/WoodenWall.mat
  artifactKey: Guid(aee3cf6e130992a45ab094b3cd45a26d) Importer(2089858483,b0f066a214c2f5e87bad3c948f4d605d)
Start importing Assets/FantasyEnvironments/Environments/Town/Materials/WoodenWall.mat using Guid(aee3cf6e130992a45ab094b3cd45a26d) Importer(2089858483,b0f066a214c2f5e87bad3c948f4d605d) (ScriptedImporter) -> (artifact id: 'bd2e4f08315682899b2f11bb8553c4c2') in 0.0255626 seconds
Number of updated asset objects reloaded before import = 0Number of asset objects unloaded after import = 2

========================================================================
Received Import Request.
  Time since last request: 0.000032 seconds.
  path: Assets/FantasyEnvironments/Environments/Town/Prefabs/Food_pie.prefab
  artifactKey: Guid(5e37f2527168a124bb04323a0011992d) Importer(2089858483,b0f066a214c2f5e87bad3c948f4d605d)
Start importing Assets/FantasyEnvironments/Environments/Town/Prefabs/Food_pie.prefab using Guid(5e37f2527168a124bb04323a0011992d) Importer(2089858483,b0f066a214c2f5e87bad3c948f4d605d) (ScriptedImporter) -> (artifact id: '954a1bbe44e2758b8710ce6107b24c2f') in 0.0268797 seconds
Number of updated asset objects reloaded before import = 0Number of asset objects unloaded after import = 8

========================================================================
Received Import Request.
  Time since last request: 0.000026 seconds.
  path: Assets/FantasyEnvironments/Environments/Town/Prefabs/WoodenWall_Gate.prefab
  artifactKey: Guid(b79b83d11a775684889f7af98f7d3284) Importer(2089858483,b0f066a214c2f5e87bad3c948f4d605d)
Start importing Assets/FantasyEnvironments/Environments/Town/Prefabs/WoodenWall_Gate.prefab using Guid(b79b83d11a775684889f7af98f7d3284) Importer(2089858483,b0f066a214c2f5e87bad3c948f4d605d) (ScriptedImporter) -> (artifact id: '5ad839b0b04e2b0a09102f09449353b2') in 0.0562825 seconds
Number of updated asset objects reloaded before import = 0Number of asset objects unloaded after import = 28

========================================================================
Received Import Request.
  Time since last request: 0.000038 seconds.
  path: Assets/FantasyEnvironments/Environments/Town/Prefabs/Furniture_elixir1.prefab
  artifactKey: Guid(182522b21312ecd49b2a940eb7588df3) Importer(2089858483,b0f066a214c2f5e87bad3c948f4d605d)
Start importing Assets/FantasyEnvironments/Environments/Town/Prefabs/Furniture_elixir1.prefab using Guid(182522b21312ecd49b2a940eb7588df3) Importer(2089858483,b0f066a214c2f5e87bad3c948f4d605d) (ScriptedImporter) -> (artifact id: '8f01225076bf270ace35ef785eee1e20') in 0.0208018 seconds
Number of updated asset objects reloaded before import = 0Number of asset objects unloaded after import = 8

========================================================================
Received Import Request.
  Time since last request: 0.000052 seconds.
  path: Assets/FantasyEnvironments/Environments/Town/FBXs/Materials
  artifactKey: Guid(51745044a2a2762418fd8bd363906d2d) Importer(2089858483,b0f066a214c2f5e87bad3c948f4d605d)
Start importing Assets/FantasyEnvironments/Environments/Town/FBXs/Materials using Guid(51745044a2a2762418fd8bd363906d2d) Importer(2089858483,b0f066a214c2f5e87bad3c948f4d605d) (ScriptedImporter) -> (artifact id: 'd04b5d20ef51e6c44f255417e5af28e7') in 0.0186394 seconds
Number of updated asset objects reloaded before import = 0Number of asset objects unloaded after import = 1

========================================================================
Received Import Request.
  Time since last request: 0.000029 seconds.
  path: Assets/FantasyEnvironments/Environments/Town/Prefabs/Food_cup3.prefab
  artifactKey: Guid(72ee67964857e29498b6717984dd43cd) Importer(2089858483,b0f066a214c2f5e87bad3c948f4d605d)
Start importing Assets/FantasyEnvironments/Environments/Town/Prefabs/Food_cup3.prefab using Guid(72ee67964857e29498b6717984dd43cd) Importer(2089858483,b0f066a214c2f5e87bad3c948f4d605d) (ScriptedImporter) -> (artifact id: '4b0b560526a53b32a143134f5992e906') in 0.026167 seconds
Number of updated asset objects reloaded before import = 0Number of asset objects unloaded after import = 8

========================================================================
Received Import Request.
  Time since last request: 0.000037 seconds.
  path: Assets/FantasyEnvironments/Environments/Town/Prefabs/Food_cup1.prefab
  artifactKey: Guid(10a31ba8783d590419d60e1a150a90d9) Importer(2089858483,b0f066a214c2f5e87bad3c948f4d605d)
Start importing Assets/FantasyEnvironments/Environments/Town/Prefabs/Food_cup1.prefab using Guid(10a31ba8783d590419d60e1a150a90d9) Importer(2089858483,b0f066a214c2f5e87bad3c948f4d605d) (ScriptedImporter) -> (artifact id: '4fb7dbe738456c7dcefc34a5ccfced07') in 0.0309234 seconds
Number of updated asset objects reloaded before import = 0Number of asset objects unloaded after import = 8

========================================================================
Received Import Request.
  Time since last request: 0.000057 seconds.
  path: Assets/FantasyEnvironments/Environments/Town/Prefabs/Furniture_table.prefab
  artifactKey: Guid(38ad5a2f65eba0845aa5440b825b5eb2) Importer(2089858483,b0f066a214c2f5e87bad3c948f4d605d)
Start importing Assets/FantasyEnvironments/Environments/Town/Prefabs/Furniture_table.prefab using Guid(38ad5a2f65eba0845aa5440b825b5eb2) Importer(2089858483,b0f066a214c2f5e87bad3c948f4d605d) (ScriptedImporter) -> (artifact id: 'b3d7ac040b264fe21b70c0dc5121db89') in 0.0289643 seconds
Number of updated asset objects reloaded before import = 0Number of asset objects unloaded after import = 9

========================================================================
Received Import Request.
  Time since last request: 0.000035 seconds.
  path: Assets/FantasyEnvironments/Environments/Town/Prefabs/cart1.prefab
  artifactKey: Guid(02c9d373237917847b636baad496fa95) Importer(2089858483,b0f066a214c2f5e87bad3c948f4d605d)
Start importing Assets/FantasyEnvironments/Environments/Town/Prefabs/cart1.prefab using Guid(02c9d373237917847b636baad496fa95) Importer(2089858483,b0f066a214c2f5e87bad3c948f4d605d) (ScriptedImporter) -> (artifact id: '13eb67b93911809c8a1baa7176ccb617') in 0.0227141 seconds
Number of updated asset objects reloaded before import = 0Number of asset objects unloaded after import = 25

========================================================================
Received Import Request.
  Time since last request: 0.000029 seconds.
  path: Assets/FantasyEnvironments/Environments/Ambient-Occlusion-Trees/FBX
  artifactKey: Guid(d1df0459dfe36a14c9db11e4677dd4dd) Importer(2089858483,b0f066a214c2f5e87bad3c948f4d605d)
Start importing Assets/FantasyEnvironments/Environments/Ambient-Occlusion-Trees/FBX using Guid(d1df0459dfe36a14c9db11e4677dd4dd) Importer(2089858483,b0f066a214c2f5e87bad3c948f4d605d) (ScriptedImporter) -> (artifact id: '496f5f42b0fd5531065e3cb6650dc370') in 0.0150054 seconds
Number of updated asset objects reloaded before import = 0Number of asset objects unloaded after import = 1

========================================================================
Received Import Request.
  Time since last request: 0.000028 seconds.
  path: Assets/FantasyEnvironments/Environments/Materials/Stone.mat
  artifactKey: Guid(8918331320feeb1428adceb85606a3a4) Importer(2089858483,b0f066a214c2f5e87bad3c948f4d605d)
Start importing Assets/FantasyEnvironments/Environments/Materials/Stone.mat using Guid(8918331320feeb1428adceb85606a3a4) Importer(2089858483,b0f066a214c2f5e87bad3c948f4d605d) (ScriptedImporter) -> (artifact id: 'f6c1b7e3c779d2c59f841e452c983ba7') in 0.0211473 seconds
Number of updated asset objects reloaded before import = 0Number of asset objects unloaded after import = 2

========================================================================
Received Import Request.
  Time since last request: 0.000042 seconds.
  path: Assets/FantasyEnvironments/Environments/Scenes/ScenePrefabs/LightingData.asset
  artifactKey: Guid(9d6416663b2446a4d93a070b0da0aef5) Importer(2089858483,b0f066a214c2f5e87bad3c948f4d605d)
Start importing Assets/FantasyEnvironments/Environments/Scenes/ScenePrefabs/LightingData.asset using Guid(9d6416663b2446a4d93a070b0da0aef5) Importer(2089858483,b0f066a214c2f5e87bad3c948f4d605d) (ScriptedImporter) -> (artifact id: '25bd0bfa6c8bfcf73bc1cdcdfd31036d') in 0.0315497 seconds
Number of updated asset objects reloaded before import = 0Number of asset objects unloaded after import = 2

========================================================================
Received Import Request.
  Time since last request: 0.000035 seconds.
  path: Assets/FantasyEnvironments/Environments/Town/Scripts
  artifactKey: Guid(d94fda9be98cf06478ccf725730db254) Importer(2089858483,b0f066a214c2f5e87bad3c948f4d605d)
Start importing Assets/FantasyEnvironments/Environments/Town/Scripts using Guid(d94fda9be98cf06478ccf725730db254) Importer(2089858483,b0f066a214c2f5e87bad3c948f4d605d) (ScriptedImporter) -> (artifact id: '99187558582282d52ec59ae7aa3e88d5') in 0.0161445 seconds
Number of updated asset objects reloaded before import = 0Number of asset objects unloaded after import = 1

========================================================================
Received Import Request.
  Time since last request: 0.000025 seconds.
  path: Assets/FantasyEnvironments/Environments/Prefabs/Sunflower.prefab
  artifactKey: Guid(355d74e3c834ddd4eac4b870d06f78e2) Importer(2089858483,b0f066a214c2f5e87bad3c948f4d605d)
Start importing Assets/FantasyEnvironments/Environments/Prefabs/Sunflower.prefab using Guid(355d74e3c834ddd4eac4b870d06f78e2) Importer(2089858483,b0f066a214c2f5e87bad3c948f4d605d) (ScriptedImporter) -> (artifact id: '0f715955aa8c1b36fc8508b9dba50420') in 0.0286292 seconds
Number of updated asset objects reloaded before import = 0Number of asset objects unloaded after import = 14

========================================================================
Received Import Request.
  Time since last request: 0.000037 seconds.
  path: Assets/FantasyEnvironments/Environments/Town/Prefabs/Furniture_table_small.prefab
  artifactKey: Guid(db9721d709b86e641a1b80d909210f5e) Importer(2089858483,b0f066a214c2f5e87bad3c948f4d605d)
Start importing Assets/FantasyEnvironments/Environments/Town/Prefabs/Furniture_table_small.prefab using Guid(db9721d709b86e641a1b80d909210f5e) Importer(2089858483,b0f066a214c2f5e87bad3c948f4d605d) (ScriptedImporter) -> (artifact id: 'd74b61b40b2eb177de43677bd1bc2896') in 0.0318137 seconds
Number of updated asset objects reloaded before import = 0Number of asset objects unloaded after import = 9

========================================================================
Received Import Request.
  Time since last request: 0.000039 seconds.
  path: Assets/FantasyEnvironments/Environments/Town/Prefabs/storage_bag_beet.prefab
  artifactKey: Guid(01701cff1618c074ca4c37d49d60566f) Importer(2089858483,b0f066a214c2f5e87bad3c948f4d605d)
Start importing Assets/FantasyEnvironments/Environments/Town/Prefabs/storage_bag_beet.prefab using Guid(01701cff1618c074ca4c37d49d60566f) Importer(2089858483,b0f066a214c2f5e87bad3c948f4d605d) (ScriptedImporter) -> (artifact id: '4f5e1cfb0c0b0672afa49529c51573ad') in 0.0216965 seconds
Number of updated asset objects reloaded before import = 0Number of asset objects unloaded after import = 9

========================================================================
Received Import Request.
  Time since last request: 0.000027 seconds.
  path: Assets/FantasyEnvironments/Environments/Town/Prefabs/Tavern_door_room.prefab
  artifactKey: Guid(741095614d39ca449888df212e441190) Importer(2089858483,b0f066a214c2f5e87bad3c948f4d605d)
Start importing Assets/FantasyEnvironments/Environments/Town/Prefabs/Tavern_door_room.prefab using Guid(741095614d39ca449888df212e441190) Importer(2089858483,b0f066a214c2f5e87bad3c948f4d605d) (ScriptedImporter) -> (artifact id: 'a9b14e24fb52f9180da6a15746bb83c9') in 0.038597 seconds
Number of updated asset objects reloaded before import = 0Number of asset objects unloaded after import = 9

========================================================================
Received Import Request.
  Time since last request: 0.000029 seconds.
  path: Assets/FantasyEnvironments/Environments/Town/Prefabs/Tavern_doorR.prefab
  artifactKey: Guid(63c15379ba98d1349931cc354f5ae6d8) Importer(2089858483,b0f066a214c2f5e87bad3c948f4d605d)
Start importing Assets/FantasyEnvironments/Environments/Town/Prefabs/Tavern_doorR.prefab using Guid(63c15379ba98d1349931cc354f5ae6d8) Importer(2089858483,b0f066a214c2f5e87bad3c948f4d605d) (ScriptedImporter) -> (artifact id: 'b65e151eb65a941da0f51a44a5075d5b') in 0.0473526 seconds
Number of updated asset objects reloaded before import = 0Number of asset objects unloaded after import = 9

========================================================================
Received Import Request.
  Time since last request: 0.000036 seconds.
  path: Assets/FantasyEnvironments/Environments/Prefabs/Flower7.prefab
  artifactKey: Guid(7f72c76c87dff5149967072a8aabddef) Importer(2089858483,b0f066a214c2f5e87bad3c948f4d605d)
Start importing Assets/FantasyEnvironments/Environments/Prefabs/Flower7.prefab using Guid(7f72c76c87dff5149967072a8aabddef) Importer(2089858483,b0f066a214c2f5e87bad3c948f4d605d) (ScriptedImporter) -> (artifact id: '696081794cb5b849f1c0d127cf0f6ebd') in 0.0220321 seconds
Number of updated asset objects reloaded before import = 0Number of asset objects unloaded after import = 14

========================================================================
Received Import Request.
  Time since last request: 0.000039 seconds.
  path: Assets/FantasyEnvironments/Environments/Town/Prefabs/WoodenWall_Entrace.prefab
  artifactKey: Guid(9000e31c84559634b8f9ce44b2636f4c) Importer(2089858483,b0f066a214c2f5e87bad3c948f4d605d)
Start importing Assets/FantasyEnvironments/Environments/Town/Prefabs/WoodenWall_Entrace.prefab using Guid(9000e31c84559634b8f9ce44b2636f4c) Importer(2089858483,b0f066a214c2f5e87bad3c948f4d605d) (ScriptedImporter) -> (artifact id: 'b5baa4fd602710aacfe9fc804d0deedf') in 0.028747 seconds
Number of updated asset objects reloaded before import = 0Number of asset objects unloaded after import = 10

========================================================================
Received Import Request.
  Time since last request: 0.481129 seconds.
  path: Assets/FantasyEnvironments/Environments/Town/Prefabs/Food_corn.prefab
  artifactKey: Guid(10506fa9e2a850e4cbd99310b1057c33) Importer(2089858483,b0f066a214c2f5e87bad3c948f4d605d)
Start importing Assets/FantasyEnvironments/Environments/Town/Prefabs/Food_corn.prefab using Guid(10506fa9e2a850e4cbd99310b1057c33) Importer(2089858483,b0f066a214c2f5e87bad3c948f4d605d) (ScriptedImporter) -> (artifact id: '6ec330232e61f067b2a475490527c710') in 0.0215123 seconds
Number of updated asset objects reloaded before import = 0Number of asset objects unloaded after import = 8

========================================================================
Received Import Request.
  Time since last request: 0.512983 seconds.
  path: Assets/FantasyEnvironments/Environments/Prefabs/Grass1.prefab
  artifactKey: Guid(91d8d8ad5c541394c80f7cc7e1fd253b) Importer(2089858483,b0f066a214c2f5e87bad3c948f4d605d)
Start importing Assets/FantasyEnvironments/Environments/Prefabs/Grass1.prefab using Guid(91d8d8ad5c541394c80f7cc7e1fd253b) Importer(2089858483,b0f066a214c2f5e87bad3c948f4d605d) (ScriptedImporter) -> (artifact id: '72a191abc4daf3d5c2c5809b0590951b') in 0.0249574 seconds
Number of updated asset objects reloaded before import = 0Number of asset objects unloaded after import = 14

========================================================================
Received Import Request.
  Time since last request: 0.404636 seconds.
  path: Assets/FantasyEnvironments/Environments/Town/Prefabs/storage_bag_potato.prefab
  artifactKey: Guid(0583e822e5012574482d44a792a86ec7) Importer(2089858483,b0f066a214c2f5e87bad3c948f4d605d)
Start importing Assets/FantasyEnvironments/Environments/Town/Prefabs/storage_bag_potato.prefab using Guid(0583e822e5012574482d44a792a86ec7) Importer(2089858483,b0f066a214c2f5e87bad3c948f4d605d) (ScriptedImporter) -> (artifact id: '9341665d07e068116ae139f269f83780') in 0.0310792 seconds
Number of updated asset objects reloaded before import = 0Number of asset objects unloaded after import = 9

========================================================================
Received Import Request.
  Time since last request: 0.391665 seconds.
  path: Assets/FantasyEnvironments/Environments/Ambient-Occlusion-Trees/Materials/Deciduous_tree_stump.mat
  artifactKey: Guid(f8bb366fc2fb7d4458c4ebcc41a63ea9) Importer(2089858483,b0f066a214c2f5e87bad3c948f4d605d)
Start importing Assets/FantasyEnvironments/Environments/Ambient-Occlusion-Trees/Materials/Deciduous_tree_stump.mat using Guid(f8bb366fc2fb7d4458c4ebcc41a63ea9) Importer(2089858483,b0f066a214c2f5e87bad3c948f4d605d) (ScriptedImporter) -> (artifact id: 'a170af3a1789e1098069444c40c2c34e') in 0.0329276 seconds
Number of updated asset objects reloaded before import = 0Number of asset objects unloaded after import = 2

========================================================================
Received Import Request.
  Time since last request: 0.394553 seconds.
  path: Assets/FantasyEnvironments/Environments/Prefabs/Mushroom4.prefab
  artifactKey: Guid(f8b92e99d9eca054e95b618e5ed82ea9) Importer(2089858483,b0f066a214c2f5e87bad3c948f4d605d)
Start importing Assets/FantasyEnvironments/Environments/Prefabs/Mushroom4.prefab using Guid(f8b92e99d9eca054e95b618e5ed82ea9) Importer(2089858483,b0f066a214c2f5e87bad3c948f4d605d) (ScriptedImporter) -> (artifact id: '7592df395bbde345c2319e20b2b1f8c0') in 0.0264598 seconds
Number of updated asset objects reloaded before import = 0Number of asset objects unloaded after import = 14

========================================================================
Received Import Request.
  Time since last request: 0.390754 seconds.
  path: Assets/FantasyEnvironments/Environments/Prefabs/Mushroom5.prefab
  artifactKey: Guid(8f71c65da202a1548a8734589db5f6fa) Importer(2089858483,b0f066a214c2f5e87bad3c948f4d605d)
Start importing Assets/FantasyEnvironments/Environments/Prefabs/Mushroom5.prefab using Guid(8f71c65da202a1548a8734589db5f6fa) Importer(2089858483,b0f066a214c2f5e87bad3c948f4d605d) (ScriptedImporter) -> (artifact id: 'e23a5236204ba761234b0e6e71fa0645') in 0.037691 seconds
Number of updated asset objects reloaded before import = 0Number of asset objects unloaded after import = 14

========================================================================
Received Import Request.
  Time since last request: 0.354561 seconds.
  path: Assets/FantasyEnvironments/Environments/Ambient-Occlusion-Trees/Prefabs/Deciduous_tree3.prefab
  artifactKey: Guid(f68e891b21d164a4bbe322e20e50633b) Importer(2089858483,b0f066a214c2f5e87bad3c948f4d605d)
Start importing Assets/FantasyEnvironments/Environments/Ambient-Occlusion-Trees/Prefabs/Deciduous_tree3.prefab using Guid(f68e891b21d164a4bbe322e20e50633b) Importer(2089858483,b0f066a214c2f5e87bad3c948f4d605d) (ScriptedImporter) -> (artifact id: '0795709139774918894a7e6c6c65a1fa') in 0.0310935 seconds
Number of updated asset objects reloaded before import = 0Number of asset objects unloaded after import = 10

========================================================================
Received Import Request.
  Time since last request: 0.401611 seconds.
  path: Assets/FantasyEnvironments/Environments/Ambient-Occlusion-Trees/Materials/Oak_leaves.mat
  artifactKey: Guid(f0fc4479c6cf20c41a330110c6260929) Importer(2089858483,b0f066a214c2f5e87bad3c948f4d605d)
Start importing Assets/FantasyEnvironments/Environments/Ambient-Occlusion-Trees/Materials/Oak_leaves.mat using Guid(f0fc4479c6cf20c41a330110c6260929) Importer(2089858483,b0f066a214c2f5e87bad3c948f4d605d) (ScriptedImporter) -> (artifact id: '1d521078dfe1eb8570fe60e90530e155') in 0.0381794 seconds
Number of updated asset objects reloaded before import = 0Number of asset objects unloaded after import = 2

========================================================================
Received Import Request.
  Time since last request: 0.300113 seconds.
  path: Assets/FantasyEnvironments/Environments/Town/Prefabs/Food_fish.prefab
  artifactKey: Guid(d668028e8b0f12c498c623a6a33ac362) Importer(2089858483,b0f066a214c2f5e87bad3c948f4d605d)
Start importing Assets/FantasyEnvironments/Environments/Town/Prefabs/Food_fish.prefab using Guid(d668028e8b0f12c498c623a6a33ac362) Importer(2089858483,b0f066a214c2f5e87bad3c948f4d605d) (ScriptedImporter) -> (artifact id: '5b414ecbd58b9e258deb289531e2a6b2') in 0.0270133 seconds
Number of updated asset objects reloaded before import = 0Number of asset objects unloaded after import = 8

========================================================================
Received Import Request.
  Time since last request: 0.397755 seconds.
  path: Assets/FantasyEnvironments/Environments/Prefabs/Flower8.prefab
  artifactKey: Guid(ea732816104f9474d83cbe0dbb7c4258) Importer(2089858483,b0f066a214c2f5e87bad3c948f4d605d)
Start importing Assets/FantasyEnvironments/Environments/Prefabs/Flower8.prefab using Guid(ea732816104f9474d83cbe0dbb7c4258) Importer(2089858483,b0f066a214c2f5e87bad3c948f4d605d) (ScriptedImporter) -> (artifact id: '53f9ea197e502344b0c057964ff67cab') in 0.0234463 seconds
Number of updated asset objects reloaded before import = 0Number of asset objects unloaded after import = 14

========================================================================
Received Import Request.
  Time since last request: 0.376929 seconds.
  path: Assets/FantasyEnvironments/Environments/Ambient-Occlusion-Trees/Prefabs/Pine_stump.prefab
  artifactKey: Guid(ed5f82224b99b30438c4330a2dca3429) Importer(2089858483,b0f066a214c2f5e87bad3c948f4d605d)
Start importing Assets/FantasyEnvironments/Environments/Ambient-Occlusion-Trees/Prefabs/Pine_stump.prefab using Guid(ed5f82224b99b30438c4330a2dca3429) Importer(2089858483,b0f066a214c2f5e87bad3c948f4d605d) (ScriptedImporter) -> (artifact id: '919840bc2d5faa34adacaa0ce6c0dc54') in 0.0260794 seconds
Number of updated asset objects reloaded before import = 0Number of asset objects unloaded after import = 24

========================================================================
Received Import Request.
  Time since last request: 0.401125 seconds.
  path: Assets/FantasyEnvironments/Environments/Scenes/DemoScene1/OcclusionCullingData.asset
  artifactKey: Guid(2cdbdf09f6846024fa52227ff46818cd) Importer(2089858483,b0f066a214c2f5e87bad3c948f4d605d)
Start importing Assets/FantasyEnvironments/Environments/Scenes/DemoScene1/OcclusionCullingData.asset using Guid(2cdbdf09f6846024fa52227ff46818cd) Importer(2089858483,b0f066a214c2f5e87bad3c948f4d605d) (ScriptedImporter) -> (artifact id: 'e24a423aba2095c96113a1f6190d0a4b') in 0.0837452 seconds
Number of updated asset objects reloaded before import = 0Number of asset objects unloaded after import = 1

========================================================================
Received Import Request.
  Time since last request: 0.837084 seconds.
  path: Assets/FantasyEnvironments/Environments/Town/Prefabs/storage_basket_small.prefab
  artifactKey: Guid(a3b1ceba998f4d4419d82dc582c290dd) Importer(2089858483,b0f066a214c2f5e87bad3c948f4d605d)
Start importing Assets/FantasyEnvironments/Environments/Town/Prefabs/storage_basket_small.prefab using Guid(a3b1ceba998f4d4419d82dc582c290dd) Importer(2089858483,b0f066a214c2f5e87bad3c948f4d605d) (ScriptedImporter) -> (artifact id: '2f80c2d6eefb598b6fc212468d8eab32') in 0.0295367 seconds
Number of updated asset objects reloaded before import = 0Number of asset objects unloaded after import = 10

========================================================================
Received Import Request.
  Time since last request: 0.000030 seconds.
  path: Assets/FantasyEnvironments/Environments/Town/Prefabs/Food_bread_1.prefab
  artifactKey: Guid(99bf85d404a04ee459c668786c801529) Importer(2089858483,b0f066a214c2f5e87bad3c948f4d605d)
Start importing Assets/FantasyEnvironments/Environments/Town/Prefabs/Food_bread_1.prefab using Guid(99bf85d404a04ee459c668786c801529) Importer(2089858483,b0f066a214c2f5e87bad3c948f4d605d) (ScriptedImporter) -> (artifact id: 'fe3d8150062a52d125d21dc32fa1c9a3') in 0.0218254 seconds
Number of updated asset objects reloaded before import = 0Number of asset objects unloaded after import = 8

========================================================================
Received Import Request.
  Time since last request: 0.000039 seconds.
  path: Assets/FantasyEnvironments/Environments/Materials/Rock3.mat
  artifactKey: Guid(ba1a85e7c777c594a838a1801607f787) Importer(2089858483,b0f066a214c2f5e87bad3c948f4d605d)
Start importing Assets/FantasyEnvironments/Environments/Materials/Rock3.mat using Guid(ba1a85e7c777c594a838a1801607f787) Importer(2089858483,b0f066a214c2f5e87bad3c948f4d605d) (ScriptedImporter) -> (artifact id: '08389eebd41d3bc7b00cc1f57b259f52') in 0.020418 seconds
Number of updated asset objects reloaded before import = 0Number of asset objects unloaded after import = 2

========================================================================
Received Import Request.
  Time since last request: 0.000031 seconds.
  path: Assets/FantasyEnvironments/Environments/Town/Materials/Plane.mat
  artifactKey: Guid(cbf52e5cacc06b4489a37f1e3c3db8fc) Importer(2089858483,b0f066a214c2f5e87bad3c948f4d605d)
Start importing Assets/FantasyEnvironments/Environments/Town/Materials/Plane.mat using Guid(cbf52e5cacc06b4489a37f1e3c3db8fc) Importer(2089858483,b0f066a214c2f5e87bad3c948f4d605d) (ScriptedImporter) -> (artifact id: '21a86b4d8961f993ca1169830b541c20') in 0.019837 seconds
Number of updated asset objects reloaded before import = 0Number of asset objects unloaded after import = 1

========================================================================
Received Import Request.
  Time since last request: 0.000044 seconds.
  path: Assets/FantasyEnvironments/Environments/Ambient-Occlusion-Trees/Prefabs/Pine_tree3.prefab
  artifactKey: Guid(4d9135c56f306e14baa814f13d1a1193) Importer(2089858483,b0f066a214c2f5e87bad3c948f4d605d)
Start importing Assets/FantasyEnvironments/Environments/Ambient-Occlusion-Trees/Prefabs/Pine_tree3.prefab using Guid(4d9135c56f306e14baa814f13d1a1193) Importer(2089858483,b0f066a214c2f5e87bad3c948f4d605d) (ScriptedImporter) -> (artifact id: 'bdf64524645f1c52c3c5c04cc1cb673a') in 0.0226658 seconds
Number of updated asset objects reloaded before import = 0Number of asset objects unloaded after import = 10

========================================================================
Received Import Request.
  Time since last request: 0.000030 seconds.
  path: Assets/FantasyEnvironments/Environments/Town/Prefabs/WoodenWall_GateL.prefab
  artifactKey: Guid(254d02d9b62c2ec4a82af8ba4cfd9c9e) Importer(2089858483,b0f066a214c2f5e87bad3c948f4d605d)
Start importing Assets/FantasyEnvironments/Environments/Town/Prefabs/WoodenWall_GateL.prefab using Guid(254d02d9b62c2ec4a82af8ba4cfd9c9e) Importer(2089858483,b0f066a214c2f5e87bad3c948f4d605d) (ScriptedImporter) -> (artifact id: 'ba73826642cbbb005b38cac212658ea3') in 0.0389631 seconds
Number of updated asset objects reloaded before import = 0Number of asset objects unloaded after import = 9

========================================================================
Received Import Request.
  Time since last request: 0.000098 seconds.
  path: Assets/FantasyEnvironments/Environments/Town/Animations/WoodenWall_Gate.controller
  artifactKey: Guid(29b710a283b1b0b4f9459dc271bc4d57) Importer(2089858483,b0f066a214c2f5e87bad3c948f4d605d)
Start importing Assets/FantasyEnvironments/Environments/Town/Animations/WoodenWall_Gate.controller using Guid(29b710a283b1b0b4f9459dc271bc4d57) Importer(2089858483,b0f066a214c2f5e87bad3c948f4d605d) (ScriptedImporter) -> (artifact id: '80717195681d751413e5e3914c92f3fa') in 0.0320879 seconds
Number of updated asset objects reloaded before import = 0Number of asset objects unloaded after import = 9

========================================================================
Received Import Request.
  Time since last request: 0.000039 seconds.
  path: Assets/FantasyEnvironments/Environments/Materials/Rock2.mat
  artifactKey: Guid(be28608a412284745bf8a1052a883b43) Importer(2089858483,b0f066a214c2f5e87bad3c948f4d605d)
Start importing Assets/FantasyEnvironments/Environments/Materials/Rock2.mat using Guid(be28608a412284745bf8a1052a883b43) Importer(2089858483,b0f066a214c2f5e87bad3c948f4d605d) (ScriptedImporter) -> (artifact id: 'ca59a6627812c6683404a3e29dc767f7') in 0.0233245 seconds
Number of updated asset objects reloaded before import = 0Number of asset objects unloaded after import = 2

========================================================================
Received Import Request.
  Time since last request: 0.000028 seconds.
  path: Assets/FantasyEnvironments/Environments/Town/Prefabs/Food_bottle4.prefab
  artifactKey: Guid(72b88d1023c0ad847af2e3eeec4b7d5d) Importer(2089858483,b0f066a214c2f5e87bad3c948f4d605d)
Start importing Assets/FantasyEnvironments/Environments/Town/Prefabs/Food_bottle4.prefab using Guid(72b88d1023c0ad847af2e3eeec4b7d5d) Importer(2089858483,b0f066a214c2f5e87bad3c948f4d605d) (ScriptedImporter) -> (artifact id: 'df527154c915974087c757592869c0fb') in 0.0225888 seconds
Number of updated asset objects reloaded before import = 0Number of asset objects unloaded after import = 8

========================================================================
Received Import Request.
  Time since last request: 0.000031 seconds.
  path: Assets/FantasyEnvironments/Environments/Town/Animations/Door.controller
  artifactKey: Guid(2d5f7720aaff1ee4ea406f4a53eee095) Importer(2089858483,b0f066a214c2f5e87bad3c948f4d605d)
Start importing Assets/FantasyEnvironments/Environments/Town/Animations/Door.controller using Guid(2d5f7720aaff1ee4ea406f4a53eee095) Importer(2089858483,b0f066a214c2f5e87bad3c948f4d605d) (ScriptedImporter) -> (artifact id: '687e3a47e71a6113dc40c247c60037dd') in 0.0211176 seconds
Number of updated asset objects reloaded before import = 0Number of asset objects unloaded after import = 9

========================================================================
Received Import Request.
  Time since last request: 0.000037 seconds.
  path: Assets/FantasyEnvironments/Environments/Town/Prefabs/Furniture_candlestick1.prefab
  artifactKey: Guid(e965607d197150b43a6dabdf25ed1ac5) Importer(2089858483,b0f066a214c2f5e87bad3c948f4d605d)
Start importing Assets/FantasyEnvironments/Environments/Town/Prefabs/Furniture_candlestick1.prefab using Guid(e965607d197150b43a6dabdf25ed1ac5) Importer(2089858483,b0f066a214c2f5e87bad3c948f4d605d) (ScriptedImporter) -> (artifact id: 'c2d89979fbb23e103e3c2cdd64f232be') in 0.0300635 seconds
Number of updated asset objects reloaded before import = 0Number of asset objects unloaded after import = 12

========================================================================
Received Import Request.
  Time since last request: 0.000037 seconds.
  path: Assets/FantasyEnvironments/Environments/Town/Prefabs/Food_knife.prefab
  artifactKey: Guid(9ae953e135d2a854cb0876021c321548) Importer(2089858483,b0f066a214c2f5e87bad3c948f4d605d)
Start importing Assets/FantasyEnvironments/Environments/Town/Prefabs/Food_knife.prefab using Guid(9ae953e135d2a854cb0876021c321548) Importer(2089858483,b0f066a214c2f5e87bad3c948f4d605d) (ScriptedImporter) -> (artifact id: 'ceeb3d186d8c6cbadca988118300aca0') in 0.0236795 seconds
Number of updated asset objects reloaded before import = 0Number of asset objects unloaded after import = 8

========================================================================
Received Import Request.
  Time since last request: 0.000022 seconds.
  path: Assets/FantasyEnvironments/Environments/Town/Prefabs/Furniture_elixir2.prefab
  artifactKey: Guid(ec98e7d8c9e19ac469448b6654f0a782) Importer(2089858483,b0f066a214c2f5e87bad3c948f4d605d)
Start importing Assets/FantasyEnvironments/Environments/Town/Prefabs/Furniture_elixir2.prefab using Guid(ec98e7d8c9e19ac469448b6654f0a782) Importer(2089858483,b0f066a214c2f5e87bad3c948f4d605d) (ScriptedImporter) -> (artifact id: '9d81e867744aa7cf6877d21b826b993e') in 0.0196155 seconds
Number of updated asset objects reloaded before import = 0Number of asset objects unloaded after import = 8

========================================================================
Received Import Request.
  Time since last request: 0.000052 seconds.
  path: Assets/FantasyEnvironments/Environments/Town/Animations/Windmill_blade.controller
  artifactKey: Guid(f1370f305e190264d8777d31307eac71) Importer(2089858483,b0f066a214c2f5e87bad3c948f4d605d)
Start importing Assets/FantasyEnvironments/Environments/Town/Animations/Windmill_blade.controller using Guid(f1370f305e190264d8777d31307eac71) Importer(2089858483,b0f066a214c2f5e87bad3c948f4d605d) (ScriptedImporter) -> (artifact id: '5b5eb333f1eb65d7bec3d89159d9c99d') in 0.0170176 seconds
Number of updated asset objects reloaded before import = 0Number of asset objects unloaded after import = 4

========================================================================
Received Import Request.
  Time since last request: 0.000042 seconds.
  path: Assets/FantasyEnvironments/Environments/Town/Prefabs/storage_basket.prefab
  artifactKey: Guid(11606f16466dd6243ad5d3f80932bb0a) Importer(2089858483,b0f066a214c2f5e87bad3c948f4d605d)
Start importing Assets/FantasyEnvironments/Environments/Town/Prefabs/storage_basket.prefab using Guid(11606f16466dd6243ad5d3f80932bb0a) Importer(2089858483,b0f066a214c2f5e87bad3c948f4d605d) (ScriptedImporter) -> (artifact id: '9707f63c123cf9a9c0651aa62a224499') in 0.0268554 seconds
Number of updated asset objects reloaded before import = 0Number of asset objects unloaded after import = 10

========================================================================
Received Import Request.
  Time since last request: 0.000024 seconds.
  path: Assets/FantasyEnvironments/Environments/Prefabs/Flower2.prefab
  artifactKey: Guid(91367e40ea3f3ad4a90bbf1e7a32d9d1) Importer(2089858483,b0f066a214c2f5e87bad3c948f4d605d)
Start importing Assets/FantasyEnvironments/Environments/Prefabs/Flower2.prefab using Guid(91367e40ea3f3ad4a90bbf1e7a32d9d1) Importer(2089858483,b0f066a214c2f5e87bad3c948f4d605d) (ScriptedImporter) -> (artifact id: '25630fda21ac2ff883d64f6e8f7ea791') in 0.0198855 seconds
Number of updated asset objects reloaded before import = 0Number of asset objects unloaded after import = 14

========================================================================
Received Import Request.
  Time since last request: 0.000022 seconds.
  path: Assets/FantasyEnvironments/Environments/Prefabs/Flower5.prefab
  artifactKey: Guid(cd03a41894dab5e49abe8481b9a4a630) Importer(2089858483,b0f066a214c2f5e87bad3c948f4d605d)
Start importing Assets/FantasyEnvironments/Environments/Prefabs/Flower5.prefab using Guid(cd03a41894dab5e49abe8481b9a4a630) Importer(2089858483,b0f066a214c2f5e87bad3c948f4d605d) (ScriptedImporter) -> (artifact id: 'a3f4e6a3b2b865f42ba095560b6cff4c') in 0.0200118 seconds
Number of updated asset objects reloaded before import = 0Number of asset objects unloaded after import = 14

========================================================================
Received Import Request.
  Time since last request: 0.000056 seconds.
  path: Assets/FantasyEnvironments/Environments/Town/Materials/Wall1.mat
  artifactKey: Guid(2df1224228c2d384b87b78ed80cca5fc) Importer(2089858483,b0f066a214c2f5e87bad3c948f4d605d)
Start importing Assets/FantasyEnvironments/Environments/Town/Materials/Wall1.mat using Guid(2df1224228c2d384b87b78ed80cca5fc) Importer(2089858483,b0f066a214c2f5e87bad3c948f4d605d) (ScriptedImporter) -> (artifact id: '0960f1eaa832fca1a21e4d6f548c036c') in 0.0219746 seconds
Number of updated asset objects reloaded before import = 0Number of asset objects unloaded after import = 2

========================================================================
Received Import Request.
  Time since last request: 0.000079 seconds.
  path: Assets/FantasyEnvironments/Environments/Prefabs/Grass4.prefab
  artifactKey: Guid(c00784b589bee494b831054cc54dbf7b) Importer(2089858483,b0f066a214c2f5e87bad3c948f4d605d)
Start importing Assets/FantasyEnvironments/Environments/Prefabs/Grass4.prefab using Guid(c00784b589bee494b831054cc54dbf7b) Importer(2089858483,b0f066a214c2f5e87bad3c948f4d605d) (ScriptedImporter) -> (artifact id: '54cc5aace1d35bd4fa0fe3fabf77aa55') in 0.0244753 seconds
Number of updated asset objects reloaded before import = 0Number of asset objects unloaded after import = 14

========================================================================
Received Import Request.
  Time since last request: 0.000030 seconds.
  path: Assets/FantasyEnvironments/Environments/Town/Prefabs/House1.prefab
  artifactKey: Guid(4a3b66b5f6d4c2c41a5d98c834f9bf8a) Importer(2089858483,b0f066a214c2f5e87bad3c948f4d605d)
Start importing Assets/FantasyEnvironments/Environments/Town/Prefabs/House1.prefab using Guid(4a3b66b5f6d4c2c41a5d98c834f9bf8a) Importer(2089858483,b0f066a214c2f5e87bad3c948f4d605d) (ScriptedImporter) -> (artifact id: '493c12ec92db37396f0d98ac82f92047') in 0.0239484 seconds
Number of updated asset objects reloaded before import = 0Number of asset objects unloaded after import = 10

========================================================================
Received Import Request.
  Time since last request: 0.000023 seconds.
  path: Assets/FantasyEnvironments/Environments/TerrainLayers/layer_ground_grass.terrainlayer
  artifactKey: Guid(6030d4ecea42c4a4a8df94e0e7854f90) Importer(2089858483,b0f066a214c2f5e87bad3c948f4d605d)
Start importing Assets/FantasyEnvironments/Environments/TerrainLayers/layer_ground_grass.terrainlayer using Guid(6030d4ecea42c4a4a8df94e0e7854f90) Importer(2089858483,b0f066a214c2f5e87bad3c948f4d605d) (ScriptedImporter) -> (artifact id: '2b627471d9fc3e4ac48070bd6290c456') in 0.0245331 seconds
Number of updated asset objects reloaded before import = 0Number of asset objects unloaded after import = 2

========================================================================
Received Import Request.
  Time since last request: 0.000035 seconds.
  path: Assets/FantasyEnvironments/Environments/Town/Prefabs/WoodenHouse_2.prefab
  artifactKey: Guid(c9fc122e3f8d06d43a1eb4f5ac1238cc) Importer(2089858483,b0f066a214c2f5e87bad3c948f4d605d)
Start importing Assets/FantasyEnvironments/Environments/Town/Prefabs/WoodenHouse_2.prefab using Guid(c9fc122e3f8d06d43a1eb4f5ac1238cc) Importer(2089858483,b0f066a214c2f5e87bad3c948f4d605d) (ScriptedImporter) -> (artifact id: 'e67973d1ceb956db9980c1e5e31f2f7e') in 0.0309525 seconds
Number of updated asset objects reloaded before import = 0Number of asset objects unloaded after import = 61

========================================================================
Received Import Request.
  Time since last request: 0.000040 seconds.
  path: Assets/FantasyEnvironments/Environments/Town/Prefabs/Food_apple.prefab
  artifactKey: Guid(5457bf12f504dff458b81b32e398fc77) Importer(2089858483,b0f066a214c2f5e87bad3c948f4d605d)
Start importing Assets/FantasyEnvironments/Environments/Town/Prefabs/Food_apple.prefab using Guid(5457bf12f504dff458b81b32e398fc77) Importer(2089858483,b0f066a214c2f5e87bad3c948f4d605d) (ScriptedImporter) -> (artifact id: '233470b5def5e9dd917a835c1fecea43') in 0.0233942 seconds
Number of updated asset objects reloaded before import = 0Number of asset objects unloaded after import = 8

========================================================================
Received Import Request.
  Time since last request: 0.000027 seconds.
  path: Assets/FantasyEnvironments/Environments/Town/Materials/Tavern.mat
  artifactKey: Guid(7c356ee0fe480a24fbccba63a93ea8f4) Importer(2089858483,b0f066a214c2f5e87bad3c948f4d605d)
Start importing Assets/FantasyEnvironments/Environments/Town/Materials/Tavern.mat using Guid(7c356ee0fe480a24fbccba63a93ea8f4) Importer(2089858483,b0f066a214c2f5e87bad3c948f4d605d) (ScriptedImporter) -> (artifact id: '33e4e9304a568b067ed1bb58b85bb9ba') in 0.0214343 seconds
Number of updated asset objects reloaded before import = 0Number of asset objects unloaded after import = 2

========================================================================
Received Import Request.
  Time since last request: 0.000022 seconds.
  path: Assets/FantasyEnvironments/Environments/Town/Prefabs/cart2.prefab
  artifactKey: Guid(5f535edf9e8d3854795a1f09fcb06c80) Importer(2089858483,b0f066a214c2f5e87bad3c948f4d605d)
Start importing Assets/FantasyEnvironments/Environments/Town/Prefabs/cart2.prefab using Guid(5f535edf9e8d3854795a1f09fcb06c80) Importer(2089858483,b0f066a214c2f5e87bad3c948f4d605d) (ScriptedImporter) -> (artifact id: '5ea1abbb46aed2b264bb40922974f58b') in 0.0188052 seconds
Number of updated asset objects reloaded before import = 0Number of asset objects unloaded after import = 21

========================================================================
Received Import Request.
  Time since last request: 0.000025 seconds.
  path: Assets/FantasyEnvironments/Environments/Ambient-Occlusion-Trees/Prefabs/Pine_tree2.prefab
  artifactKey: Guid(f86a19e11c6b9734ba52832ec45ee16f) Importer(2089858483,b0f066a214c2f5e87bad3c948f4d605d)
Start importing Assets/FantasyEnvironments/Environments/Ambient-Occlusion-Trees/Prefabs/Pine_tree2.prefab using Guid(f86a19e11c6b9734ba52832ec45ee16f) Importer(2089858483,b0f066a214c2f5e87bad3c948f4d605d) (ScriptedImporter) -> (artifact id: '8bd01cd1b516c71b6fb72ecbddeb44c1') in 0.025881 seconds
Number of updated asset objects reloaded before import = 0Number of asset objects unloaded after import = 10

========================================================================
Received Import Request.
  Time since last request: 0.000053 seconds.
  path: Assets/FantasyEnvironments/Environments/Ambient-Occlusion-Trees/Prefabs/Oak_tree3.prefab
  artifactKey: Guid(deb3021f729059242af2e33c46ab5dfb) Importer(2089858483,b0f066a214c2f5e87bad3c948f4d605d)
Start importing Assets/FantasyEnvironments/Environments/Ambient-Occlusion-Trees/Prefabs/Oak_tree3.prefab using Guid(deb3021f729059242af2e33c46ab5dfb) Importer(2089858483,b0f066a214c2f5e87bad3c948f4d605d) (ScriptedImporter) -> (artifact id: '992901ae7a7d6973b8af875a0b4a8959') in 0.0287042 seconds
Number of updated asset objects reloaded before import = 0Number of asset objects unloaded after import = 10

========================================================================
Received Import Request.
  Time since last request: 0.000025 seconds.
  path: Assets/FantasyEnvironments/Environments/Prefabs/Stone1_detail.prefab
  artifactKey: Guid(9f1468c423fda7e4988d5a9473b17de1) Importer(2089858483,b0f066a214c2f5e87bad3c948f4d605d)
Start importing Assets/FantasyEnvironments/Environments/Prefabs/Stone1_detail.prefab using Guid(9f1468c423fda7e4988d5a9473b17de1) Importer(2089858483,b0f066a214c2f5e87bad3c948f4d605d) (ScriptedImporter) -> (artifact id: '5cf063da48fa5b508860df11cc451216') in 0.0224954 seconds
Number of updated asset objects reloaded before import = 0Number of asset objects unloaded after import = 14

========================================================================
Received Import Request.
  Time since last request: 0.000029 seconds.
  path: Assets/FantasyEnvironments/Environments/Town/Prefabs/Furniture_cupboard3.prefab
  artifactKey: Guid(0966a25dc3b04884c9c0a833226238e9) Importer(2089858483,b0f066a214c2f5e87bad3c948f4d605d)
Start importing Assets/FantasyEnvironments/Environments/Town/Prefabs/Furniture_cupboard3.prefab using Guid(0966a25dc3b04884c9c0a833226238e9) Importer(2089858483,b0f066a214c2f5e87bad3c948f4d605d) (ScriptedImporter) -> (artifact id: 'c4da23abe15dd380010da1039a5c8b6e') in 0.0218645 seconds
Number of updated asset objects reloaded before import = 0Number of asset objects unloaded after import = 9

========================================================================
Received Import Request.
  Time since last request: 0.000030 seconds.
  path: Assets/FantasyEnvironments/Environments/Town/Animations/WoodenWall_Gate.anim
  artifactKey: Guid(513433d22f1258f4088b636efc1d367d) Importer(2089858483,b0f066a214c2f5e87bad3c948f4d605d)
Start importing Assets/FantasyEnvironments/Environments/Town/Animations/WoodenWall_Gate.anim using Guid(513433d22f1258f4088b636efc1d367d) Importer(2089858483,b0f066a214c2f5e87bad3c948f4d605d) (ScriptedImporter) -> (artifact id: 'b46be13ea32fc38ba1c58e4e37ad5ae5') in 0.0285622 seconds
Number of updated asset objects reloaded before import = 0Number of asset objects unloaded after import = 1

========================================================================
Received Import Request.
  Time since last request: 0.000045 seconds.
  path: Assets/FantasyEnvironments/Environments/Town/Prefabs/Furniture_tablecloth_small.prefab
  artifactKey: Guid(ea4f3b07c0efeb24ca3ef28e4e64fcdc) Importer(2089858483,b0f066a214c2f5e87bad3c948f4d605d)
Start importing Assets/FantasyEnvironments/Environments/Town/Prefabs/Furniture_tablecloth_small.prefab using Guid(ea4f3b07c0efeb24ca3ef28e4e64fcdc) Importer(2089858483,b0f066a214c2f5e87bad3c948f4d605d) (ScriptedImporter) -> (artifact id: 'f8bc9565f92d94ed13ee4515af888911') in 0.0279103 seconds
Number of updated asset objects reloaded before import = 0Number of asset objects unloaded after import = 9

========================================================================
Received Import Request.
  Time since last request: 0.000025 seconds.
  path: Assets/FantasyEnvironments/Environments/Town/Prefabs/storage_jug.prefab
  artifactKey: Guid(bb94340bd6b78c044b8b6f772e321649) Importer(2089858483,b0f066a214c2f5e87bad3c948f4d605d)
Start importing Assets/FantasyEnvironments/Environments/Town/Prefabs/storage_jug.prefab using Guid(bb94340bd6b78c044b8b6f772e321649) Importer(2089858483,b0f066a214c2f5e87bad3c948f4d605d) (ScriptedImporter) -> (artifact id: 'baf758cf221c4f7e6a49ac486cb7a53a') in 0.02207 seconds
Number of updated asset objects reloaded before import = 0Number of asset objects unloaded after import = 9

========================================================================
Received Import Request.
  Time since last request: 0.000026 seconds.
  path: Assets/FantasyEnvironments/Environments/Town/Prefabs/WoodenHouse_3.prefab
  artifactKey: Guid(f2d2c05f673efab46bbfa275f8aafe86) Importer(2089858483,b0f066a214c2f5e87bad3c948f4d605d)
Start importing Assets/FantasyEnvironments/Environments/Town/Prefabs/WoodenHouse_3.prefab using Guid(f2d2c05f673efab46bbfa275f8aafe86) Importer(2089858483,b0f066a214c2f5e87bad3c948f4d605d) (ScriptedImporter) -> (artifact id: '701c458b3617aca49939c00114c00760') in 0.0221683 seconds
Number of updated asset objects reloaded before import = 0Number of asset objects unloaded after import = 81

========================================================================
Received Import Request.
  Time since last request: 0.000037 seconds.
  path: Assets/FantasyEnvironments/Environments/Prefabs/Mushroom2.prefab
  artifactKey: Guid(4c2012bc51015e8438152a82f7d7dc32) Importer(2089858483,b0f066a214c2f5e87bad3c948f4d605d)
Start importing Assets/FantasyEnvironments/Environments/Prefabs/Mushroom2.prefab using Guid(4c2012bc51015e8438152a82f7d7dc32) Importer(2089858483,b0f066a214c2f5e87bad3c948f4d605d) (ScriptedImporter) -> (artifact id: '8fa63f9cc33b4748a38ff88dce977cc3') in 0.023502 seconds
Number of updated asset objects reloaded before import = 0Number of asset objects unloaded after import = 14

========================================================================
Received Import Request.
  Time since last request: 0.000036 seconds.
  path: Assets/FantasyEnvironments/Environments/Prefabs/Fern1.prefab
  artifactKey: Guid(0c7542f3d05c9a4468ea43aec782fdac) Importer(2089858483,b0f066a214c2f5e87bad3c948f4d605d)
Start importing Assets/FantasyEnvironments/Environments/Prefabs/Fern1.prefab using Guid(0c7542f3d05c9a4468ea43aec782fdac) Importer(2089858483,b0f066a214c2f5e87bad3c948f4d605d) (ScriptedImporter) -> (artifact id: 'a257e7b19d8d5cdc49f1f546cc7676e1') in 0.0246842 seconds
Number of updated asset objects reloaded before import = 0Number of asset objects unloaded after import = 14

========================================================================
Received Import Request.
  Time since last request: 0.000027 seconds.
  path: Assets/FantasyEnvironments/Environments/Materials/Plant.mat
  artifactKey: Guid(7805f02cde847fa488989988fbc3d7eb) Importer(2089858483,b0f066a214c2f5e87bad3c948f4d605d)
Start importing Assets/FantasyEnvironments/Environments/Materials/Plant.mat using Guid(7805f02cde847fa488989988fbc3d7eb) Importer(2089858483,b0f066a214c2f5e87bad3c948f4d605d) (ScriptedImporter) -> (artifact id: '8bbcd61ebac27576e242125f2603b377') in 0.0258447 seconds
Number of updated asset objects reloaded before import = 0Number of asset objects unloaded after import = 2

========================================================================
Received Import Request.
  Time since last request: 0.000044 seconds.
  path: Assets/FantasyEnvironments/Environments/Town/Prefabs/Wall_corner.prefab
  artifactKey: Guid(7a3b4e0ce3105e340a61cb9472530255) Importer(2089858483,b0f066a214c2f5e87bad3c948f4d605d)
Start importing Assets/FantasyEnvironments/Environments/Town/Prefabs/Wall_corner.prefab using Guid(7a3b4e0ce3105e340a61cb9472530255) Importer(2089858483,b0f066a214c2f5e87bad3c948f4d605d) (ScriptedImporter) -> (artifact id: 'caa923aae2910b4b431d426d7b7e49fa') in 0.0238115 seconds
Number of updated asset objects reloaded before import = 0Number of asset objects unloaded after import = 10

========================================================================
Received Import Request.
  Time since last request: 0.000028 seconds.
  path: Assets/FantasyEnvironments/Environments/Town/Prefabs/Food_bread_2.prefab
  artifactKey: Guid(cd6cd1d2b5ec21045a4108c1c595639e) Importer(2089858483,b0f066a214c2f5e87bad3c948f4d605d)
Start importing Assets/FantasyEnvironments/Environments/Town/Prefabs/Food_bread_2.prefab using Guid(cd6cd1d2b5ec21045a4108c1c595639e) Importer(2089858483,b0f066a214c2f5e87bad3c948f4d605d) (ScriptedImporter) -> (artifact id: 'a2d7434a5943cd51f412805f1cb84515') in 0.0204674 seconds
Number of updated asset objects reloaded before import = 0Number of asset objects unloaded after import = 8

========================================================================
Received Import Request.
  Time since last request: 0.000032 seconds.
  path: Assets/FantasyEnvironments/Environments/Town/Prefabs/Wall_tower1.prefab
  artifactKey: Guid(756bd484e6f626047a701d6c3d7cfd1e) Importer(2089858483,b0f066a214c2f5e87bad3c948f4d605d)
Start importing Assets/FantasyEnvironments/Environments/Town/Prefabs/Wall_tower1.prefab using Guid(756bd484e6f626047a701d6c3d7cfd1e) Importer(2089858483,b0f066a214c2f5e87bad3c948f4d605d) (ScriptedImporter) -> (artifact id: '79df6b348bd4e8310f476759a1fe5590') in 0.0191407 seconds
Number of updated asset objects reloaded before import = 0Number of asset objects unloaded after import = 10

========================================================================
Received Import Request.
  Time since last request: 0.000027 seconds.
  path: Assets/FantasyEnvironments/Environments/Town/Prefabs/Food_plate.prefab
  artifactKey: Guid(164e013af606b25439031b34bc805fb2) Importer(2089858483,b0f066a214c2f5e87bad3c948f4d605d)
Start importing Assets/FantasyEnvironments/Environments/Town/Prefabs/Food_plate.prefab using Guid(164e013af606b25439031b34bc805fb2) Importer(2089858483,b0f066a214c2f5e87bad3c948f4d605d) (ScriptedImporter) -> (artifact id: '7d64b1d15159e66384f16706e478b2af') in 0.0187061 seconds
Number of updated asset objects reloaded before import = 0Number of asset objects unloaded after import = 8

========================================================================
Received Import Request.
  Time since last request: 0.000026 seconds.
  path: Assets/FantasyEnvironments/Environments/Prefabs/Stone1.prefab
  artifactKey: Guid(8e8f8660f45621a4a804df622b985183) Importer(2089858483,b0f066a214c2f5e87bad3c948f4d605d)
Start importing Assets/FantasyEnvironments/Environments/Prefabs/Stone1.prefab using Guid(8e8f8660f45621a4a804df622b985183) Importer(2089858483,b0f066a214c2f5e87bad3c948f4d605d) (ScriptedImporter) -> (artifact id: 'c2b0f5e1009e74185daee6651a7c18a9') in 0.0157206 seconds
Number of updated asset objects reloaded before import = 0Number of asset objects unloaded after import = 21

========================================================================
Received Import Request.
  Time since last request: 0.000027 seconds.
  path: Assets/FantasyEnvironments/Environments/Town/Prefabs/storage_bag_carrot.prefab
  artifactKey: Guid(03bca772ee40d4a48ab8fabe3d662126) Importer(2089858483,b0f066a214c2f5e87bad3c948f4d605d)
Start importing Assets/FantasyEnvironments/Environments/Town/Prefabs/storage_bag_carrot.prefab using Guid(03bca772ee40d4a48ab8fabe3d662126) Importer(2089858483,b0f066a214c2f5e87bad3c948f4d605d) (ScriptedImporter) -> (artifact id: 'f04e36d2589354be713df970b26389c1') in 0.0215791 seconds
Number of updated asset objects reloaded before import = 0Number of asset objects unloaded after import = 9

========================================================================
Received Import Request.
  Time since last request: 0.000039 seconds.
  path: Assets/FantasyEnvironments/Environments/Town/Scripts/Door.cs
  artifactKey: Guid(3c572774c6a023847b60b7698271e6ff) Importer(2089858483,b0f066a214c2f5e87bad3c948f4d605d)
Start importing Assets/FantasyEnvironments/Environments/Town/Scripts/Door.cs using Guid(3c572774c6a023847b60b7698271e6ff) Importer(2089858483,b0f066a214c2f5e87bad3c948f4d605d) (ScriptedImporter) -> (artifact id: '350f8f6fe1a49bd3e71575e553e072d8') in 0.0166308 seconds
Number of updated asset objects reloaded before import = 0Number of asset objects unloaded after import = 0

========================================================================
Received Import Request.
  Time since last request: 0.000029 seconds.
  path: Assets/FantasyEnvironments/Environments/Prefabs/Fern2.prefab
  artifactKey: Guid(cfe991abfe1d8a34e90a8b8d50f9a61c) Importer(2089858483,b0f066a214c2f5e87bad3c948f4d605d)
Start importing Assets/FantasyEnvironments/Environments/Prefabs/Fern2.prefab using Guid(cfe991abfe1d8a34e90a8b8d50f9a61c) Importer(2089858483,b0f066a214c2f5e87bad3c948f4d605d) (ScriptedImporter) -> (artifact id: '1f340e8b7a4b33a3ee3bc036afc043d6') in 0.0406082 seconds
Number of updated asset objects reloaded before import = 0Number of asset objects unloaded after import = 14

========================================================================
Received Import Request.
  Time since last request: 0.000032 seconds.
  path: Assets/FantasyEnvironments/Environments/TerrainLayers/layer_ground_stones.terrainlayer
  artifactKey: Guid(731e3b5ac8d62b84e9132f24ac2deff4) Importer(2089858483,b0f066a214c2f5e87bad3c948f4d605d)
Start importing Assets/FantasyEnvironments/Environments/TerrainLayers/layer_ground_stones.terrainlayer using Guid(731e3b5ac8d62b84e9132f24ac2deff4) Importer(2089858483,b0f066a214c2f5e87bad3c948f4d605d) (ScriptedImporter) -> (artifact id: '8b394ace08aa9ba978436aeec30f811d') in 0.0182247 seconds
Number of updated asset objects reloaded before import = 0Number of asset objects unloaded after import = 2

========================================================================
Received Import Request.
  Time since last request: 0.000037 seconds.
  path: Assets/FantasyEnvironments/Environments/Ambient-Occlusion-Trees/Prefabs/Oak_tree1.prefab
  artifactKey: Guid(9da14cd80e3d72b4c8501e9acc6740f3) Importer(2089858483,b0f066a214c2f5e87bad3c948f4d605d)
Start importing Assets/FantasyEnvironments/Environments/Ambient-Occlusion-Trees/Prefabs/Oak_tree1.prefab using Guid(9da14cd80e3d72b4c8501e9acc6740f3) Importer(2089858483,b0f066a214c2f5e87bad3c948f4d605d) (ScriptedImporter) -> (artifact id: '296af65f9b7d231a24b599a4cfffeb40') in 0.0229895 seconds
Number of updated asset objects reloaded before import = 0Number of asset objects unloaded after import = 10

========================================================================
Received Import Request.
  Time since last request: 0.000025 seconds.
  path: Assets/FantasyEnvironments/Environments/Town/Prefabs/Food_spoon.prefab
  artifactKey: Guid(e3d6d39d39579f347a50ef63dae12627) Importer(2089858483,b0f066a214c2f5e87bad3c948f4d605d)
Start importing Assets/FantasyEnvironments/Environments/Town/Prefabs/Food_spoon.prefab using Guid(e3d6d39d39579f347a50ef63dae12627) Importer(2089858483,b0f066a214c2f5e87bad3c948f4d605d) (ScriptedImporter) -> (artifact id: 'c3086733b3e17112e0440a19e9b0a1ec') in 0.0218422 seconds
Number of updated asset objects reloaded before import = 0Number of asset objects unloaded after import = 8

========================================================================
Received Import Request.
  Time since last request: 0.000069 seconds.
  path: Assets/FantasyEnvironments/Environments/Ambient-Occlusion-Trees/Materials/Tree_leaves2.mat
  artifactKey: Guid(2615ae633195cad438e2b96b394e2f5e) Importer(2089858483,b0f066a214c2f5e87bad3c948f4d605d)
Start importing Assets/FantasyEnvironments/Environments/Ambient-Occlusion-Trees/Materials/Tree_leaves2.mat using Guid(2615ae633195cad438e2b96b394e2f5e) Importer(2089858483,b0f066a214c2f5e87bad3c948f4d605d) (ScriptedImporter) -> (artifact id: '26602a5e9cf82d7e035d692212ad257b') in 0.0210199 seconds
Number of updated asset objects reloaded before import = 0Number of asset objects unloaded after import = 2

========================================================================
Received Import Request.
  Time since last request: 0.933127 seconds.
  path: Assets/FantasyEnvironments/Environments/Materials/Rock1.mat
  artifactKey: Guid(a533ed8eb4eba624da8b36b62d2da8f8) Importer(2089858483,b0f066a214c2f5e87bad3c948f4d605d)
Start importing Assets/FantasyEnvironments/Environments/Materials/Rock1.mat using Guid(a533ed8eb4eba624da8b36b62d2da8f8) Importer(2089858483,b0f066a214c2f5e87bad3c948f4d605d) (ScriptedImporter) -> (artifact id: '2800e220288d5783f248495e4c2ad166') in 0.0297064 seconds
Number of updated asset objects reloaded before import = 0Number of asset objects unloaded after import = 2

========================================================================
Received Import Request.
  Time since last request: 0.000021 seconds.
  path: Assets/FantasyEnvironments/Environments/Town/Materials/WoodenWall.mat
  artifactKey: Guid(aee3cf6e130992a45ab094b3cd45a26d) Importer(2089858483,b0f066a214c2f5e87bad3c948f4d605d)
Start importing Assets/FantasyEnvironments/Environments/Town/Materials/WoodenWall.mat using Guid(aee3cf6e130992a45ab094b3cd45a26d) Importer(2089858483,b0f066a214c2f5e87bad3c948f4d605d) (ScriptedImporter) -> (artifact id: '5985afc974403c9b67f1567eedf4822e') in 0.0265092 seconds
Number of updated asset objects reloaded before import = 0Number of asset objects unloaded after import = 2

========================================================================
Received Import Request.
  Time since last request: 58.271290 seconds.
  path: Assets/FantasyEnvironments/Environments/Ambient-Occlusion-Trees/Prefabs/Birch_tree3.prefab
  artifactKey: Guid(41282c525de09854e95ed5d9f9c17fb5) Importer(815301076,1909f56bfc062723c751e8b465ee728b)
Start importing Assets/FantasyEnvironments/Environments/Ambient-Occlusion-Trees/Prefabs/Birch_tree3.prefab using Guid(41282c525de09854e95ed5d9f9c17fb5) Importer(815301076,1909f56bfc062723c751e8b465ee728b) (PreviewImporter) -> (artifact id: '84b07ab5925eefd085c2a19dcb673cff') in 0.936425 seconds
Number of updated asset objects reloaded before import = 0Number of asset objects unloaded after import = 12

========================================================================
Received Import Request.
  Time since last request: 0.000192 seconds.
  path: Assets/FantasyEnvironments/Environments/Ambient-Occlusion-Trees/Prefabs/Willow_tree1.prefab
  artifactKey: Guid(76ca9846e495a3a42a47f16f51d18fb0) Importer(815301076,1909f56bfc062723c751e8b465ee728b)
Start importing Assets/FantasyEnvironments/Environments/Ambient-Occlusion-Trees/Prefabs/Willow_tree1.prefab using Guid(76ca9846e495a3a42a47f16f51d18fb0) Importer(815301076,1909f56bfc062723c751e8b465ee728b) (PreviewImporter) -> (artifact id: 'bd1d02e8a617ec8b84423129003773d5') in 0.0343967 seconds
Number of updated asset objects reloaded before import = 0Number of asset objects unloaded after import = 12

Editor requested this worker to shutdown with reason: Scaling down because of idle timeout
AssetImportWorkerClient::OnTransportError - code=2 error=End of file
AssetImportWorker is now disconnected from the server
Process exiting
Exiting without the bug reporter. Application will terminate with return code 0